#
# There is insufficient memory for the Java Runtime Environment to continue.
# Native memory allocation (malloc) failed to allocate 1292496 bytes for Chunk::new
# Possible reasons:
#   The system is out of physical RAM or swap space
#   In 32 bit mode, the process size limit was hit
# Possible solutions:
#   Reduce memory load on the system
#   Increase physical memory or swap space
#   Check if swap backing store is full
#   Use 64 bit Java on a 64 bit OS
#   Decrease Java heap size (-Xmx/-Xms)
#   Decrease number of Java threads
#   Decrease Java thread stack sizes (-Xss)
#   Set larger code cache with -XX:ReservedCodeCacheSize=
# This output file may be truncated or incomplete.
#
#  Out of Memory Error (allocation.cpp:390), pid=7724, tid=4472
#
# JRE version: Java(TM) SE Runtime Environment (8.0_51-b16) (build 1.8.0_51-b16)
# Java VM: Java HotSpot(TM) 64-Bit Server VM (25.51-b03 mixed mode windows-amd64 compressed oops)
# Failed to write core dump. Minidumps are not enabled by default on client versions of Windows
#

---------------  T H R E A D  ---------------

Current thread (0x0000000015176800):  JavaThread "C2 CompilerThread1" daemon [_thread_in_native, id=4472, stack(0x0000000016770000,0x0000000016870000)]

Stack: [0x0000000016770000,0x0000000016870000]
Native frames: (J=compiled Java code, j=interpreted, Vv=VM code, C=native code)
V  [jvm.dll+0x32b4ca]


Current CompileTask:
C2:   9136 2187       4       com.android.dx.ssa.SsaConverter::placePhiFunctions (394 bytes)


---------------  P R O C E S S  ---------------

Java Threads: ( => current thread )
  0x0000000016cc5000 JavaThread "pool-1-thread-1" [_thread_in_Java, id=6312, stack(0x0000000017770000,0x0000000017870000)]
  0x0000000016975800 JavaThread "Service Thread" daemon [_thread_blocked, id=3512, stack(0x0000000016d70000,0x0000000016e70000)]
  0x000000001517c800 JavaThread "C1 CompilerThread2" daemon [_thread_blocked, id=7624, stack(0x0000000016870000,0x0000000016970000)]
=>0x0000000015176800 JavaThread "C2 CompilerThread1" daemon [_thread_in_native, id=4472, stack(0x0000000016770000,0x0000000016870000)]
  0x000000001511d000 JavaThread "C2 CompilerThread0" daemon [_thread_in_native, id=3684, stack(0x0000000016670000,0x0000000016770000)]
  0x000000001511b000 JavaThread "Attach Listener" daemon [_thread_blocked, id=5244, stack(0x0000000016570000,0x0000000016670000)]
  0x000000001511a000 JavaThread "Signal Dispatcher" daemon [_thread_blocked, id=5540, stack(0x0000000016470000,0x0000000016570000)]
  0x0000000002a47000 JavaThread "Finalizer" daemon [_thread_blocked, id=7652, stack(0x0000000016370000,0x0000000016470000)]
  0x0000000002a3e000 JavaThread "Reference Handler" daemon [_thread_blocked, id=7600, stack(0x0000000016270000,0x0000000016370000)]
  0x000000000284d800 JavaThread "main" [_thread_blocked, id=1988, stack(0x0000000002850000,0x0000000002950000)]

Other Threads:
  0x00000000150e8000 VMThread [stack: 0x0000000016170000,0x0000000016270000] [id=3760]
  0x0000000016977000 WatcherThread [stack: 0x0000000016e70000,0x0000000016f70000] [id=7912]

VM state:not at safepoint (normal execution)

VM Mutex/Monitor currently owned by a thread: None

Heap:
 PSYoungGen      total 150016K, used 147813K [0x00000000eab00000, 0x00000000fe600000, 0x0000000100000000)
  eden space 131072K, 98% used [0x00000000eab00000,0x00000000f28e0860,0x00000000f2b00000)
  from space 18944K, 99% used [0x00000000f2b00000,0x00000000f3d78ef8,0x00000000f3d80000)
  to   space 30208K, 0% used [0x00000000fc880000,0x00000000fc880000,0x00000000fe600000)
 ParOldGen       total 87552K, used 41017K [0x00000000c0000000, 0x00000000c5580000, 0x00000000eab00000)
  object space 87552K, 46% used [0x00000000c0000000,0x00000000c280e560,0x00000000c5580000)
 Metaspace       used 6694K, capacity 7448K, committed 7680K, reserved 1056768K
  class space    used 628K, capacity 656K, committed 768K, reserved 1048576K

Card table byte_map: [0x0000000011e10000,0x0000000012020000] byte_map_base: 0x0000000011810000

Marking Bits: (ParMarkBitMap*) 0x00000000543a4040
 Begin Bits: [0x0000000012580000, 0x0000000013580000)
 End Bits:   [0x0000000013580000, 0x0000000014580000)

Polling page: 0x0000000002710000

CodeCache: size=245760Kb used=9691Kb max_used=9702Kb free=236068Kb
 bounds [0x0000000002a50000, 0x00000000033e0000, 0x0000000011a50000]
 total_blobs=2610 nmethods=2340 adapters=182
 compilation: enabled

Compilation events (10 events):
Event: 9.048 Thread 0x0000000015176800 nmethod 2196 0x00000000033c2290 code [0x00000000033c23c0, 0x00000000033c2498]
Event: 9.048 Thread 0x0000000015176800 2215       4       com.android.dx.util.BitIntSet::merge (148 bytes)
Event: 9.056 Thread 0x0000000015176800 nmethod 2215 0x00000000033c1bd0 code [0x00000000033c1d20, 0x00000000033c2018]
Event: 9.056 Thread 0x0000000015176800 1954       4       com.android.dx.rop.code.SourcePosition::<init> (50 bytes)
Event: 9.057 Thread 0x0000000015176800 nmethod 1954 0x00000000033ca7d0 code [0x00000000033ca900, 0x00000000033ca9b8]
Event: 9.057 Thread 0x0000000015176800 1864       4       com.android.dx.cf.code.Ropper::addBlock (37 bytes)
Event: 9.070 Thread 0x0000000015176800 nmethod 1864 0x00000000033cb450 code [0x00000000033cb5c0, 0x00000000033cbc58]
Event: 9.070 Thread 0x0000000015176800 2300       4       java.util.HashMap$HashIterator::nextNode (100 bytes)
Event: 9.075 Thread 0x0000000015176800 nmethod 2300 0x00000000033caf90 code [0x00000000033cb0e0, 0x00000000033cb318]
Event: 9.075 Thread 0x0000000015176800 2187       4       com.android.dx.ssa.SsaConverter::placePhiFunctions (394 bytes)

GC Heap History (10 events):
Event: 2.216 GC heap before
{Heap before GC invocations=3 (full 0):
 PSYoungGen      total 38400K, used 38385K [0x00000000eab00000, 0x00000000ef600000, 0x0000000100000000)
  eden space 33280K, 100% used [0x00000000eab00000,0x00000000ecb80000,0x00000000ecb80000)
  from space 5120K, 99% used [0x00000000ed080000,0x00000000ed57c558,0x00000000ed580000)
  to   space 5120K, 0% used [0x00000000ecb80000,0x00000000ecb80000,0x00000000ed080000)
 ParOldGen       total 87552K, used 4070K [0x00000000c0000000, 0x00000000c5580000, 0x00000000eab00000)
  object space 87552K, 4% used [0x00000000c0000000,0x00000000c03f9b88,0x00000000c5580000)
 Metaspace       used 6201K, capacity 7088K, committed 7296K, reserved 1056768K
  class space    used 593K, capacity 616K, committed 640K, reserved 1048576K
Event: 2.331 GC heap after
Heap after GC invocations=3 (full 0):
 PSYoungGen      total 38400K, used 5098K [0x00000000eab00000, 0x00000000ef600000, 0x0000000100000000)
  eden space 33280K, 0% used [0x00000000eab00000,0x00000000eab00000,0x00000000ecb80000)
  from space 5120K, 99% used [0x00000000ecb80000,0x00000000ed07abc8,0x00000000ed080000)
  to   space 5120K, 0% used [0x00000000ef100000,0x00000000ef100000,0x00000000ef600000)
 ParOldGen       total 87552K, used 9370K [0x00000000c0000000, 0x00000000c5580000, 0x00000000eab00000)
  object space 87552K, 10% used [0x00000000c0000000,0x00000000c0926a70,0x00000000c5580000)
 Metaspace       used 6201K, capacity 7088K, committed 7296K, reserved 1056768K
  class space    used 593K, capacity 616K, committed 640K, reserved 1048576K
}
Event: 2.718 GC heap before
{Heap before GC invocations=4 (full 0):
 PSYoungGen      total 38400K, used 38378K [0x00000000eab00000, 0x00000000ef600000, 0x0000000100000000)
  eden space 33280K, 100% used [0x00000000eab00000,0x00000000ecb80000,0x00000000ecb80000)
  from space 5120K, 99% used [0x00000000ecb80000,0x00000000ed07abc8,0x00000000ed080000)
  to   space 5120K, 0% used [0x00000000ef100000,0x00000000ef100000,0x00000000ef600000)
 ParOldGen       total 87552K, used 9370K [0x00000000c0000000, 0x00000000c5580000, 0x00000000eab00000)
  object space 87552K, 10% used [0x00000000c0000000,0x00000000c0926a70,0x00000000c5580000)
 Metaspace       used 6249K, capacity 7152K, committed 7296K, reserved 1056768K
  class space    used 593K, capacity 616K, committed 640K, reserved 1048576K
Event: 2.752 GC heap after
Heap after GC invocations=4 (full 0):
 PSYoungGen      total 71680K, used 5091K [0x00000000eab00000, 0x00000000ef600000, 0x0000000100000000)
  eden space 66560K, 0% used [0x00000000eab00000,0x00000000eab00000,0x00000000eec00000)
  from space 5120K, 99% used [0x00000000ef100000,0x00000000ef5f8c70,0x00000000ef600000)
  to   space 5120K, 0% used [0x00000000eec00000,0x00000000eec00000,0x00000000ef100000)
 ParOldGen       total 87552K, used 14859K [0x00000000c0000000, 0x00000000c5580000, 0x00000000eab00000)
  object space 87552K, 16% used [0x00000000c0000000,0x00000000c0e82c10,0x00000000c5580000)
 Metaspace       used 6249K, capacity 7152K, committed 7296K, reserved 1056768K
  class space    used 593K, capacity 616K, committed 640K, reserved 1048576K
}
Event: 4.253 GC heap before
{Heap before GC invocations=5 (full 0):
 PSYoungGen      total 71680K, used 71651K [0x00000000eab00000, 0x00000000ef600000, 0x0000000100000000)
  eden space 66560K, 100% used [0x00000000eab00000,0x00000000eec00000,0x00000000eec00000)
  from space 5120K, 99% used [0x00000000ef100000,0x00000000ef5f8c70,0x00000000ef600000)
  to   space 5120K, 0% used [0x00000000eec00000,0x00000000eec00000,0x00000000ef100000)
 ParOldGen       total 87552K, used 14859K [0x00000000c0000000, 0x00000000c5580000, 0x00000000eab00000)
  object space 87552K, 16% used [0x00000000c0000000,0x00000000c0e82c10,0x00000000c5580000)
 Metaspace       used 6331K, capacity 7216K, committed 7296K, reserved 1056768K
  class space    used 593K, capacity 616K, committed 640K, reserved 1048576K
Event: 4.353 GC heap after
Heap after GC invocations=5 (full 0):
 PSYoungGen      total 71680K, used 5108K [0x00000000eab00000, 0x00000000f4e00000, 0x0000000100000000)
  eden space 66560K, 0% used [0x00000000eab00000,0x00000000eab00000,0x00000000eec00000)
  from space 5120K, 99% used [0x00000000eec00000,0x00000000ef0fd080,0x00000000ef100000)
  to   space 16896K, 0% used [0x00000000f3d80000,0x00000000f3d80000,0x00000000f4e00000)
 ParOldGen       total 87552K, used 24768K [0x00000000c0000000, 0x00000000c5580000, 0x00000000eab00000)
  object space 87552K, 28% used [0x00000000c0000000,0x00000000c1830040,0x00000000c5580000)
 Metaspace       used 6331K, capacity 7216K, committed 7296K, reserved 1056768K
  class space    used 593K, capacity 616K, committed 640K, reserved 1048576K
}
Event: 4.911 GC heap before
{Heap before GC invocations=6 (full 0):
 PSYoungGen      total 71680K, used 71668K [0x00000000eab00000, 0x00000000f4e00000, 0x0000000100000000)
  eden space 66560K, 100% used [0x00000000eab00000,0x00000000eec00000,0x00000000eec00000)
  from space 5120K, 99% used [0x00000000eec00000,0x00000000ef0fd080,0x00000000ef100000)
  to   space 16896K, 0% used [0x00000000f3d80000,0x00000000f3d80000,0x00000000f4e00000)
 ParOldGen       total 87552K, used 24768K [0x00000000c0000000, 0x00000000c5580000, 0x00000000eab00000)
  object space 87552K, 28% used [0x00000000c0000000,0x00000000c1830040,0x00000000c5580000)
 Metaspace       used 6366K, capacity 7216K, committed 7296K, reserved 1056768K
  class space    used 593K, capacity 616K, committed 640K, reserved 1048576K
Event: 4.990 GC heap after
Heap after GC invocations=6 (full 0):
 PSYoungGen      total 147968K, used 16052K [0x00000000eab00000, 0x00000000f5200000, 0x0000000100000000)
  eden space 131072K, 0% used [0x00000000eab00000,0x00000000eab00000,0x00000000f2b00000)
  from space 16896K, 95% used [0x00000000f3d80000,0x00000000f4d2d290,0x00000000f4e00000)
  to   space 18944K, 0% used [0x00000000f2b00000,0x00000000f2b00000,0x00000000f3d80000)
 ParOldGen       total 87552K, used 24776K [0x00000000c0000000, 0x00000000c5580000, 0x00000000eab00000)
  object space 87552K, 28% used [0x00000000c0000000,0x00000000c1832040,0x00000000c5580000)
 Metaspace       used 6366K, capacity 7216K, committed 7296K, reserved 1056768K
  class space    used 593K, capacity 616K, committed 640K, reserved 1048576K
}
Event: 6.051 GC heap before
{Heap before GC invocations=7 (full 0):
 PSYoungGen      total 147968K, used 147124K [0x00000000eab00000, 0x00000000f5200000, 0x0000000100000000)
  eden space 131072K, 100% used [0x00000000eab00000,0x00000000f2b00000,0x00000000f2b00000)
  from space 16896K, 95% used [0x00000000f3d80000,0x00000000f4d2d290,0x00000000f4e00000)
  to   space 18944K, 0% used [0x00000000f2b00000,0x00000000f2b00000,0x00000000f3d80000)
 ParOldGen       total 87552K, used 24776K [0x00000000c0000000, 0x00000000c5580000, 0x00000000eab00000)
  object space 87552K, 28% used [0x00000000c0000000,0x00000000c1832040,0x00000000c5580000)
 Metaspace       used 6480K, capacity 7256K, committed 7424K, reserved 1056768K
  class space    used 613K, capacity 656K, committed 768K, reserved 1048576K
Event: 6.176 GC heap after
Heap after GC invocations=7 (full 0):
 PSYoungGen      total 150016K, used 18915K [0x00000000eab00000, 0x00000000fe600000, 0x0000000100000000)
  eden space 131072K, 0% used [0x00000000eab00000,0x00000000eab00000,0x00000000f2b00000)
  from space 18944K, 99% used [0x00000000f2b00000,0x00000000f3d78ef8,0x00000000f3d80000)
  to   space 30208K, 0% used [0x00000000fc880000,0x00000000fc880000,0x00000000fe600000)
 ParOldGen       total 87552K, used 41017K [0x00000000c0000000, 0x00000000c5580000, 0x00000000eab00000)
  object space 87552K, 46% used [0x00000000c0000000,0x00000000c280e560,0x00000000c5580000)
 Metaspace       used 6480K, capacity 7256K, committed 7424K, reserved 1056768K
  class space    used 613K, capacity 656K, committed 768K, reserved 1048576K
}

Deoptimization events (10 events):
Event: 5.309 Thread 0x0000000016bf6000 Uncommon trap: reason=bimorphic action=maybe_recompile pc=0x000000000311a43c method=com.android.dx.ssa.LiteralOpUpgrader.tryReplacingWithConstant(Lcom/android/dx/ssa/NormalSsaInsn;)Z @ 62
Event: 5.309 Thread 0x0000000016bf6000 Uncommon trap: reason=unstable_if action=reinterpret pc=0x0000000003122900 method=com.android.dx.ssa.LiteralOpUpgrader$1.visitNonMoveInsn(Lcom/android/dx/ssa/NormalSsaInsn;)V @ 24
Event: 5.314 Thread 0x0000000016bf6000 Uncommon trap: reason=bimorphic action=maybe_recompile pc=0x000000000311a43c method=com.android.dx.ssa.LiteralOpUpgrader.tryReplacingWithConstant(Lcom/android/dx/ssa/NormalSsaInsn;)Z @ 62
Event: 5.523 Thread 0x0000000016cd8000 Uncommon trap: reason=unstable_if action=reinterpret pc=0x00000000032385c4 method=java.util.HashMap.putVal(ILjava/lang/Object;Ljava/lang/Object;ZZ)Ljava/lang/Object; @ 109
Event: 6.952 Thread 0x0000000016bf6000 Uncommon trap: reason=unstable_if action=reinterpret pc=0x000000000316d34c method=java.util.HashMap.resize()[Ljava/util/HashMap$Node; @ 206
Event: 7.387 Thread 0x0000000016cc5000 Uncommon trap: reason=class_check action=maybe_recompile pc=0x0000000002fa8ac8 method=java.util.Arrays.hashCode([Ljava/lang/Object;)I @ 43
Event: 7.387 Thread 0x0000000016cc5000 Uncommon trap: reason=class_check action=maybe_recompile pc=0x0000000002fa8ac8 method=java.util.Arrays.hashCode([Ljava/lang/Object;)I @ 43
Event: 7.388 Thread 0x0000000016cc5000 Uncommon trap: reason=class_check action=maybe_recompile pc=0x0000000002fa8ac8 method=java.util.Arrays.hashCode([Ljava/lang/Object;)I @ 43
Event: 7.388 Thread 0x0000000016cc5000 Uncommon trap: reason=class_check action=maybe_recompile pc=0x0000000002fa8ac8 method=java.util.Arrays.hashCode([Ljava/lang/Object;)I @ 43
Event: 7.388 Thread 0x0000000016cc5000 Uncommon trap: reason=class_check action=maybe_recompile pc=0x0000000002f5b968 method=java.util.Arrays.hashCode([Ljava/lang/Object;)I @ 43

Internal exceptions (6 events):
Event: 0.093 Thread 0x000000000284d800 Exception <a 'java/lang/NoSuchMethodError': Method sun.misc.Unsafe.defineClass(Ljava/lang/String;[BII)Ljava/lang/Class; name or signature does not match> (0x00000000eab0d690) thrown at [C:\re\workspace\8-2-build-windows-amd64-cygwin\jdk8u51\3951\hotspot\sr–‰_oÞ·?
Event: 0.093 Thread 0x000000000284d800 Exception <a 'java/lang/NoSuchMethodError': Method sun.misc.Unsafe.prefetchRead(Ljava/lang/Object;J)V name or signature does not match> (0x00000000eab0d920) thrown at [C:\re\workspace\8-2-build-windows-amd64-cygwin\jdk8u51\3951\hotspot\src\share\vm\prims\j|úÑds@
Event: 4.613 Thread 0x0000000016cca000 Implicit null exception at 0x0000000003125933 to 0x0000000003126a4d
Event: 5.139 Thread 0x000000000284d800 Exception <a 'java/lang/ArrayIndexOutOfBoundsException': 18> (0x00000000eba70c68) thrown at [C:\re\workspace\8-2-build-windows-amd64-cygwin\jdk8u51\3951\hotspot\src\share\vm\interpreter\interpreterRuntime.cpp, line 366]
Event: 5.139 Thread 0x000000000284d800 Exception <a 'java/lang/ArrayIndexOutOfBoundsException': 145> (0x00000000eba72738) thrown at [C:\re\workspace\8-2-build-windows-amd64-cygwin\jdk8u51\3951\hotspot\src\share\vm\interpreter\interpreterRuntime.cpp, line 366]
Event: 5.140 Thread 0x000000000284d800 Exception <a 'java/lang/ArrayIndexOutOfBoundsException'> (0x00000000eba73970) thrown at [C:\re\workspace\8-2-build-windows-amd64-cygwin\jdk8u51\3951\hotspot\src\share\vm\runtime\sharedRuntime.cpp, line 605]

Events (10 events):
Event: 8.796 loading class com/android/dx/dex/code/LocalList$MakeState
Event: 8.796 loading class com/android/dx/dex/code/LocalList$MakeState done
Event: 8.797 loading class com/android/dx/dex/code/LocalList$Disposition
Event: 8.797 loading class com/android/dx/dex/code/LocalList$Disposition done
Event: 8.798 loading class com/android/dx/dex/code/LocalList$Entry
Event: 8.798 loading class com/android/dx/dex/code/LocalList$Entry done
Event: 8.798 loading class com/android/dx/dex/code/CatchHandlerList
Event: 8.798 loading class com/android/dx/dex/code/CatchHandlerList done
Event: 8.799 loading class com/android/dx/dex/code/CatchTable
Event: 8.799 loading class com/android/dx/dex/code/CatchTable done


Dynamic libraries:
0x00007ff784060000 - 0x00007ff784097000 	C:\Program Files\Java\jdk1.8.0_51\bin\java.exe
0x00007ffd0b070000 - 0x00007ffd0b216000 	C:\WINDOWS\SYSTEM32\ntdll.dll
0x00007ffd08d30000 - 0x00007ffd08e6a000 	C:\WINDOWS\system32\KERNEL32.DLL
0x00007ffd074c0000 - 0x00007ffd075cf000 	C:\WINDOWS\system32\KERNELBASE.dll
0x00007ffd05da0000 - 0x00007ffd05e28000 	C:\WINDOWS\system32\apphelp.dll
0x00007ffce9890000 - 0x00007ffce98df000 	C:\WINDOWS\AppPatch\AppPatch64\AcGenral.DLL
0x00007ffd08e70000 - 0x00007ffd08f17000 	C:\WINDOWS\system32\msvcrt.dll
0x00007ffd06ef0000 - 0x00007ffd06f1b000 	C:\WINDOWS\SYSTEM32\SspiCli.dll
0x00007ffd09920000 - 0x00007ffd09971000 	C:\WINDOWS\system32\SHLWAPI.dll
0x00007ffd09c20000 - 0x00007ffd09d91000 	C:\WINDOWS\system32\USER32.dll
0x00007ffd07630000 - 0x00007ffd077a8000 	C:\WINDOWS\system32\ole32.dll
0x00007ffd077d0000 - 0x00007ffd08bdf000 	C:\WINDOWS\system32\SHELL32.dll
0x00007ffd06700000 - 0x00007ffd0671e000 	C:\WINDOWS\SYSTEM32\USERENV.dll
0x00007ffd09240000 - 0x00007ffd092e5000 	C:\WINDOWS\system32\ADVAPI32.dll
0x00007ffcff210000 - 0x00007ffcff22b000 	C:\WINDOWS\SYSTEM32\MPR.dll
0x00007ffd08bf0000 - 0x00007ffd08d27000 	C:\WINDOWS\system32\RPCRT4.dll
0x00007ffd09b20000 - 0x00007ffd09b77000 	C:\WINDOWS\SYSTEM32\sechost.dll
0x00007ffd08f80000 - 0x00007ffd09156000 	C:\WINDOWS\SYSTEM32\combase.dll
0x00007ffd097d0000 - 0x00007ffd09914000 	C:\WINDOWS\system32\GDI32.dll
0x00007ffd07110000 - 0x00007ffd07124000 	C:\WINDOWS\SYSTEM32\profapi.dll
0x00007ffd05a50000 - 0x00007ffd05aef000 	C:\WINDOWS\SYSTEM32\SHCORE.dll
0x00007ffd092f0000 - 0x00007ffd09324000 	C:\WINDOWS\system32\IMM32.DLL
0x00007ffd09330000 - 0x00007ffd09469000 	C:\WINDOWS\system32\MSCTF.dll
0x00007ffd05620000 - 0x00007ffd0587a000 	C:\WINDOWS\WinSxS\amd64_microsoft.windows.common-controls_6595b64144ccf1df_6.0.9600.17031_none_6242a4b3ecbb55a1\COMCTL32.dll
0x00007ffceb0d0000 - 0x00007ffceb13a000 	C:\Program Files (x86)\AVG\Av\avghooka.dll
0x0000000053230000 - 0x0000000053302000 	C:\Program Files\Java\jdk1.8.0_51\jre\bin\msvcr100.dll
0x0000000053ba0000 - 0x0000000054423000 	C:\Program Files\Java\jdk1.8.0_51\jre\bin\server\jvm.dll
0x00007ffcede40000 - 0x00007ffcede49000 	C:\WINDOWS\SYSTEM32\WSOCK32.dll
0x00007ffcff650000 - 0x00007ffcff66f000 	C:\WINDOWS\SYSTEM32\WINMM.dll
0x00007ffcff0f0000 - 0x00007ffcff0fa000 	C:\WINDOWS\SYSTEM32\VERSION.dll
0x00007ffd08be0000 - 0x00007ffd08be7000 	C:\WINDOWS\system32\PSAPI.DLL
0x00007ffd08f20000 - 0x00007ffd08f78000 	C:\WINDOWS\system32\WS2_32.dll
0x00007ffcff5f0000 - 0x00007ffcff61a000 	C:\WINDOWS\SYSTEM32\WINMMBASE.dll
0x00007ffd077b0000 - 0x00007ffd077b9000 	C:\WINDOWS\system32\NSI.dll
0x00007ffd075d0000 - 0x00007ffd0761a000 	C:\WINDOWS\SYSTEM32\cfgmgr32.dll
0x00007ffd05f90000 - 0x00007ffd05fb6000 	C:\WINDOWS\SYSTEM32\DEVOBJ.dll
0x0000000053b90000 - 0x0000000053b9f000 	C:\Program Files\Java\jdk1.8.0_51\jre\bin\verify.dll
0x0000000053b60000 - 0x0000000053b89000 	C:\Program Files\Java\jdk1.8.0_51\jre\bin\java.dll
0x0000000053b40000 - 0x0000000053b56000 	C:\Program Files\Java\jdk1.8.0_51\jre\bin\zip.dll
0x00007ffce9020000 - 0x00007ffce91a8000 	C:\WINDOWS\SYSTEM32\dbghelp.dll

VM Arguments:
jvm_args: -Djava.awt.headless=true -Xmx1024M -Dfile.encoding=windows-1252 -Duser.country=ES -Duser.language=es -Duser.variant 
java_command: com.android.dx.command.Main --dex --force-jumbo --num-threads=4 --multi-dex --output C:\Users\win8.1\AndroidStudioProjects\Alarma\app\build\intermediates\transforms\dex\debug\folders\1000\10\com.android.support-support-v4-23.4.0_b0665ca405fc1fa6bda7e3e68c0e58329a0146f3 C:\Users\win8.1\AndroidStudioProjects\Alarma\app\build\intermediates\exploded-aar\com.android.support\support-v4\23.4.0\jars\classes.jar
java_class_path (initial): C:\Users\win8.1\AppData\Local\Android\sdk\build-tools\23.0.3\lib\dx.jar
Launcher Type: SUN_STANDARD

Environment Variables:
PATH=C:\ProgramData\Oracle\Java\javapath;C:\WINDOWS\system32;C:\WINDOWS;C:\WINDOWS\System32\Wbem;C:\WINDOWS\System32\WindowsPowerShell\v1.0\;C:\Program Files\Microsoft SQL Server\110\Tools\Binn\;C:\Program Files (x86)\Intel\OpenCL SDK\2.0\bin\x86;C:\Program Files (x86)\Intel\OpenCL SDK\2.0\bin\x64;C:\Program Files\Microsoft\Web Platform Installer\;C:\Program Files\Microsoft SQL Server\120\DTS\Binn\;C:\Program Files\Microsoft SQL Server\Client SDK\ODBC\110\Tools\Binn\;C:\Program Files (x86)\Microsoft SQL Server\120\Tools\Binn\;C:\Program Files\Microsoft SQL Server\120\Tools\Binn\;C:\Program Files (x86)\Microsoft SQL Server\120\Tools\Binn\ManagementStudio\;C:\Program Files (x86)\Microsoft SQL Server\120\DTS\Binn\;C:\Program Files (x86)\GtkSharp\2.12\bin;C:\Program Files\Git\cmd;C:\Program Files (x86)\Skype\Phone\;C:\Ruby21-x64\bin
USERNAME=win8.1
OS=Windows_NT
PROCESSOR_IDENTIFIER=Intel64 Family 6 Model 42 Stepping 7, GenuineIntel



---------------  S Y S T E M  ---------------

OS: Windows 8.1 , 64 bit Build 9600 (6.3.9600.17056)

CPU:total 4 (2 cores per cpu, 2 threads per core) family 6 model 42 stepping 7, cmov, cx8, fxsr, mmx, sse, sse2, sse3, ssse3, sse4.1, sse4.2, popcnt, avx, aes, clmul, ht, tsc, tscinvbit

Memory: 4k page, physical 8331116k(1963748k free), swap 8331116k(5000k free)

vm_info: Java HotSpot(TM) 64-Bit Server VM (25.51-b03) for windows-amd64 JRE (1.8.0_51-b16), built on Jun  8 2015 18:03:07 by "java_re" with MS VC++ 10.0 (VS2010)

time: Fri Aug 05 19:15:03 2016
elapsed time: 9 seconds (0d 0h 0m 9s)

