#
# There is insufficient memory for the Java Runtime Environment to continue.
# Native memory allocation (malloc) failed to allocate 64896 bytes for Chunk::new
# Possible reasons:
#   The system is out of physical RAM or swap space
#   In 32 bit mode, the process size limit was hit
# Possible solutions:
#   Reduce memory load on the system
#   Increase physical memory or swap space
#   Check if swap backing store is full
#   Use 64 bit Java on a 64 bit OS
#   Decrease Java heap size (-Xmx/-Xms)
#   Decrease number of Java threads
#   Decrease Java thread stack sizes (-Xss)
#   Set larger code cache with -XX:ReservedCodeCacheSize=
# This output file may be truncated or incomplete.
#
#  Out of Memory Error (allocation.cpp:390), pid=8044, tid=4668
#
# JRE version: Java(TM) SE Runtime Environment (8.0_51-b16) (build 1.8.0_51-b16)
# Java VM: Java HotSpot(TM) 64-Bit Server VM (25.51-b03 mixed mode windows-amd64 compressed oops)
# Failed to write core dump. Minidumps are not enabled by default on client versions of Windows
#

---------------  T H R E A D  ---------------

Current thread (0x000000001552d000):  JavaThread "C2 CompilerThread0" daemon [_thread_in_native, id=4668, stack(0x0000000016a80000,0x0000000016b80000)]

Stack: [0x0000000016a80000,0x0000000016b80000]
Native frames: (J=compiled Java code, j=interpreted, Vv=VM code, C=native code)
V  [jvm.dll+0x32b4ca]


Current CompileTask:
C2:   2219  176       4       java.util.regex.Pattern$BnM::optimize (179 bytes)


---------------  P R O C E S S  ---------------

Java Threads: ( => current thread )
  0x0000000016d85800 JavaThread "Service Thread" daemon [_thread_blocked, id=5936, stack(0x0000000017180000,0x0000000017280000)]
  0x000000001558c800 JavaThread "C1 CompilerThread2" daemon [_thread_blocked, id=5576, stack(0x0000000016c80000,0x0000000016d80000)]
  0x0000000015586800 JavaThread "C2 CompilerThread1" daemon [_thread_in_native, id=1348, stack(0x0000000016b80000,0x0000000016c80000)]
=>0x000000001552d000 JavaThread "C2 CompilerThread0" daemon [_thread_in_native, id=4668, stack(0x0000000016a80000,0x0000000016b80000)]
  0x000000001552b000 JavaThread "Attach Listener" daemon [_thread_blocked, id=7716, stack(0x0000000016980000,0x0000000016a80000)]
  0x000000001552a000 JavaThread "Signal Dispatcher" daemon [_thread_blocked, id=7632, stack(0x0000000016880000,0x0000000016980000)]
  0x0000000002e57000 JavaThread "Finalizer" daemon [_thread_blocked, id=7584, stack(0x0000000016780000,0x0000000016880000)]
  0x0000000002e4e000 JavaThread "Reference Handler" daemon [_thread_blocked, id=8172, stack(0x0000000016680000,0x0000000016780000)]
  0x0000000002c0d800 JavaThread "main" [_thread_in_vm, id=4680, stack(0x0000000002c60000,0x0000000002d60000)]

Other Threads:
  0x00000000154f8000 VMThread [stack: 0x0000000016580000,0x0000000016680000] [id=1436]
  0x0000000016d87000 WatcherThread [stack: 0x0000000017280000,0x0000000017380000] [id=6980]

VM state:not at safepoint (normal execution)

VM Mutex/Monitor currently owned by a thread: None

Heap:
 PSYoungGen      total 38400K, used 4707K [0x00000000eab00000, 0x00000000ed580000, 0x0000000100000000)
  eden space 33280K, 14% used [0x00000000eab00000,0x00000000eaf98c90,0x00000000ecb80000)
  from space 5120K, 0% used [0x00000000ed080000,0x00000000ed080000,0x00000000ed580000)
  to   space 5120K, 0% used [0x00000000ecb80000,0x00000000ecb80000,0x00000000ed080000)
 ParOldGen       total 87552K, used 0K [0x00000000c0000000, 0x00000000c5580000, 0x00000000eab00000)
  object space 87552K, 0% used [0x00000000c0000000,0x00000000c0000000,0x00000000c5580000)
 Metaspace       used 3476K, capacity 4720K, committed 4864K, reserved 1056768K
  class space    used 375K, capacity 424K, committed 512K, reserved 1048576K

Card table byte_map: [0x0000000012220000,0x0000000012430000] byte_map_base: 0x0000000011c20000

Marking Bits: (ParMarkBitMap*) 0x00000000543a4040
 Begin Bits: [0x0000000012990000, 0x0000000013990000)
 End Bits:   [0x0000000013990000, 0x0000000014990000)

Polling page: 0x0000000002b70000

CodeCache: size=245760Kb used=1436Kb max_used=1436Kb free=244323Kb
 bounds [0x0000000002e60000, 0x00000000030d0000, 0x0000000011e60000]
 total_blobs=427 nmethods=174 adapters=164
 compilation: enabled

Compilation events (10 events):
Event: 2.210 Thread 0x000000001558c800  171       3       com.android.dx.cf.direct.ClassPathOpener$3::compare (13 bytes)
Event: 2.210 Thread 0x0000000015586800  174 %     4       java.lang.String::replace @ 55 (127 bytes)
Event: 2.210 Thread 0x000000001558c800 nmethod 171 0x0000000002fc0850 code [0x0000000002fc09e0, 0x0000000002fc0f48]
Event: 2.210 Thread 0x000000001558c800  172       3       com.android.dx.cf.direct.ClassPathOpener$3::compare (12 bytes)
Event: 2.210 Thread 0x000000001558c800 nmethod 172 0x0000000002fc0250 code [0x0000000002fc03c0, 0x0000000002fc06e8]
Event: 2.210 Thread 0x000000001558c800  173       3       com.android.dx.cf.direct.ClassPathOpener::access$000 (6 bytes)
Event: 2.210 Thread 0x000000001558c800 nmethod 173 0x0000000002fbd510 code [0x0000000002fbd680, 0x0000000002fbd7e8]
Event: 2.212 Thread 0x000000001558c800  175       3       com.android.dx.cf.direct.ClassPathOpener::compareClassNames (42 bytes)
Event: 2.213 Thread 0x000000001558c800 nmethod 175 0x0000000002fc47d0 code [0x0000000002fc4a20, 0x0000000002fc5688]
Event: 2.214 Thread 0x000000001552d000  176       4       java.util.regex.Pattern$BnM::optimize (179 bytes)

GC Heap History (0 events):
No events

Deoptimization events (0 events):
No events

Internal exceptions (2 events):
Event: 0.582 Thread 0x0000000002c0d800 Exception <a 'java/lang/NoSuchMethodError': Method sun.misc.Unsafe.defineClass(Ljava/lang/String;[BII)Ljava/lang/Class; name or signature does not match> (0x00000000eab0d608) thrown at [C:\re\workspace\8-2-build-windows-amd64-cygwin\jdk8u51\3951\hotspot\srêµIÎ\§‚?
Event: 0.583 Thread 0x0000000002c0d800 Exception <a 'java/lang/NoSuchMethodError': Method sun.misc.Unsafe.prefetchRead(Ljava/lang/Object;J)V name or signature does not match> (0x00000000eab0d898) thrown at [C:\re\workspace\8-2-build-windows-amd64-cygwin\jdk8u51\3951\hotspot\src\share\vm\prims\j

Events (10 events):
Event: 1.849 loading class java/util/regex/Pattern$SliceNode done
Event: 1.849 loading class java/util/regex/Pattern$Slice done
Event: 1.849 loading class java/util/regex/Pattern$BnM
Event: 1.849 loading class java/util/regex/Pattern$BnM done
Event: 1.849 loading class java/util/regex/Pattern$SliceS
Event: 1.849 loading class java/util/regex/Pattern$SliceS done
Event: 1.849 loading class java/util/regex/Matcher
Event: 1.850 loading class java/util/regex/MatchResult
Event: 1.850 loading class java/util/regex/MatchResult done
Event: 1.850 loading class java/util/regex/Matcher done


Dynamic libraries:
0x00007ff784060000 - 0x00007ff784097000 	C:\Program Files\Java\jdk1.8.0_51\bin\java.exe
0x00007ffd0b070000 - 0x00007ffd0b216000 	C:\WINDOWS\SYSTEM32\ntdll.dll
0x00007ffd08d30000 - 0x00007ffd08e6a000 	C:\WINDOWS\system32\KERNEL32.DLL
0x00007ffd074c0000 - 0x00007ffd075cf000 	C:\WINDOWS\system32\KERNELBASE.dll
0x00007ffd05da0000 - 0x00007ffd05e28000 	C:\WINDOWS\system32\apphelp.dll
0x00007ffce9890000 - 0x00007ffce98df000 	C:\WINDOWS\AppPatch\AppPatch64\AcGenral.DLL
0x00007ffd08e70000 - 0x00007ffd08f17000 	C:\WINDOWS\system32\msvcrt.dll
0x00007ffd06ef0000 - 0x00007ffd06f1b000 	C:\WINDOWS\SYSTEM32\SspiCli.dll
0x00007ffd09920000 - 0x00007ffd09971000 	C:\WINDOWS\system32\SHLWAPI.dll
0x00007ffd09c20000 - 0x00007ffd09d91000 	C:\WINDOWS\system32\USER32.dll
0x00007ffd07630000 - 0x00007ffd077a8000 	C:\WINDOWS\system32\ole32.dll
0x00007ffd077d0000 - 0x00007ffd08bdf000 	C:\WINDOWS\system32\SHELL32.dll
0x00007ffd06700000 - 0x00007ffd0671e000 	C:\WINDOWS\SYSTEM32\USERENV.dll
0x00007ffd09240000 - 0x00007ffd092e5000 	C:\WINDOWS\system32\ADVAPI32.dll
0x00007ffcff210000 - 0x00007ffcff22b000 	C:\WINDOWS\SYSTEM32\MPR.dll
0x00007ffd08bf0000 - 0x00007ffd08d27000 	C:\WINDOWS\system32\RPCRT4.dll
0x00007ffd09b20000 - 0x00007ffd09b77000 	C:\WINDOWS\SYSTEM32\sechost.dll
0x00007ffd08f80000 - 0x00007ffd09156000 	C:\WINDOWS\SYSTEM32\combase.dll
0x00007ffd097d0000 - 0x00007ffd09914000 	C:\WINDOWS\system32\GDI32.dll
0x00007ffd07110000 - 0x00007ffd07124000 	C:\WINDOWS\SYSTEM32\profapi.dll
0x00007ffd05a50000 - 0x00007ffd05aef000 	C:\WINDOWS\SYSTEM32\SHCORE.dll
0x00007ffd092f0000 - 0x00007ffd09324000 	C:\WINDOWS\system32\IMM32.DLL
0x00007ffd09330000 - 0x00007ffd09469000 	C:\WINDOWS\system32\MSCTF.dll
0x00007ffd05620000 - 0x00007ffd0587a000 	C:\WINDOWS\WinSxS\amd64_microsoft.windows.common-controls_6595b64144ccf1df_6.0.9600.17031_none_6242a4b3ecbb55a1\COMCTL32.dll
0x00007ffceb0d0000 - 0x00007ffceb13a000 	C:\Program Files (x86)\AVG\Av\avghooka.dll
0x0000000053230000 - 0x0000000053302000 	C:\Program Files\Java\jdk1.8.0_51\jre\bin\msvcr100.dll
0x0000000053ba0000 - 0x0000000054423000 	C:\Program Files\Java\jdk1.8.0_51\jre\bin\server\jvm.dll
0x00007ffcede40000 - 0x00007ffcede49000 	C:\WINDOWS\SYSTEM32\WSOCK32.dll
0x00007ffcff650000 - 0x00007ffcff66f000 	C:\WINDOWS\SYSTEM32\WINMM.dll
0x00007ffcff0f0000 - 0x00007ffcff0fa000 	C:\WINDOWS\SYSTEM32\VERSION.dll
0x00007ffd08be0000 - 0x00007ffd08be7000 	C:\WINDOWS\system32\PSAPI.DLL
0x00007ffd08f20000 - 0x00007ffd08f78000 	C:\WINDOWS\system32\WS2_32.dll
0x00007ffcff5f0000 - 0x00007ffcff61a000 	C:\WINDOWS\SYSTEM32\WINMMBASE.dll
0x00007ffd077b0000 - 0x00007ffd077b9000 	C:\WINDOWS\system32\NSI.dll
0x00007ffd075d0000 - 0x00007ffd0761a000 	C:\WINDOWS\SYSTEM32\cfgmgr32.dll
0x00007ffd05f90000 - 0x00007ffd05fb6000 	C:\WINDOWS\SYSTEM32\DEVOBJ.dll
0x0000000053b90000 - 0x0000000053b9f000 	C:\Program Files\Java\jdk1.8.0_51\jre\bin\verify.dll
0x0000000053b60000 - 0x0000000053b89000 	C:\Program Files\Java\jdk1.8.0_51\jre\bin\java.dll
0x0000000053b40000 - 0x0000000053b56000 	C:\Program Files\Java\jdk1.8.0_51\jre\bin\zip.dll

VM Arguments:
jvm_args: -Djava.awt.headless=true -Xmx1024M -Dfile.encoding=windows-1252 -Duser.country=ES -Duser.language=es -Duser.variant 
java_command: com.android.dx.command.Main --dex --force-jumbo --num-threads=4 --multi-dex --output C:\Users\win8.1\AndroidStudioProjects\Alarma\app\build\intermediates\transforms\dex\debug\folders\1000\10\internal_impl-23.4.0_1a5a34f446265371fb2db32cd880109156096e86 C:\Users\win8.1\AndroidStudioProjects\Alarma\app\build\intermediates\exploded-aar\com.android.support\support-v4\23.4.0\jars\libs\internal_impl-23.4.0.jar
java_class_path (initial): C:\Users\win8.1\AppData\Local\Android\sdk\build-tools\23.0.3\lib\dx.jar
Launcher Type: SUN_STANDARD

Environment Variables:
PATH=C:\ProgramData\Oracle\Java\javapath;C:\WINDOWS\system32;C:\WINDOWS;C:\WINDOWS\System32\Wbem;C:\WINDOWS\System32\WindowsPowerShell\v1.0\;C:\Program Files\Microsoft SQL Server\110\Tools\Binn\;C:\Program Files (x86)\Intel\OpenCL SDK\2.0\bin\x86;C:\Program Files (x86)\Intel\OpenCL SDK\2.0\bin\x64;C:\Program Files\Microsoft\Web Platform Installer\;C:\Program Files\Microsoft SQL Server\120\DTS\Binn\;C:\Program Files\Microsoft SQL Server\Client SDK\ODBC\110\Tools\Binn\;C:\Program Files (x86)\Microsoft SQL Server\120\Tools\Binn\;C:\Program Files\Microsoft SQL Server\120\Tools\Binn\;C:\Program Files (x86)\Microsoft SQL Server\120\Tools\Binn\ManagementStudio\;C:\Program Files (x86)\Microsoft SQL Server\120\DTS\Binn\;C:\Program Files (x86)\GtkSharp\2.12\bin;C:\Program Files\Git\cmd;C:\Program Files (x86)\Skype\Phone\;C:\Ruby21-x64\bin
USERNAME=win8.1
OS=Windows_NT
PROCESSOR_IDENTIFIER=Intel64 Family 6 Model 42 Stepping 7, GenuineIntel



---------------  S Y S T E M  ---------------

OS: Windows 8.1 , 64 bit Build 9600 (6.3.9600.17056)

CPU:total 4 (2 cores per cpu, 2 threads per core) family 6 model 42 stepping 7, cmov, cx8, fxsr, mmx, sse, sse2, sse3, ssse3, sse4.1, sse4.2, popcnt, avx, aes, clmul, ht, tsc, tscinvbit

Memory: 4k page, physical 8331116k(1963748k free), swap 8331116k(5012k free)

vm_info: Java HotSpot(TM) 64-Bit Server VM (25.51-b03) for windows-amd64 JRE (1.8.0_51-b16), built on Jun  8 2015 18:03:07 by "java_re" with MS VC++ 10.0 (VS2010)

time: Fri Aug 05 19:15:03 2016
elapsed time: 2 seconds (0d 0h 0m 2s)

