#
# There is insufficient memory for the Java Runtime Environment to continue.
# Native memory allocation (malloc) failed to allocate 349776 bytes for Chunk::new
# Possible reasons:
#   The system is out of physical RAM or swap space
#   In 32 bit mode, the process size limit was hit
# Possible solutions:
#   Reduce memory load on the system
#   Increase physical memory or swap space
#   Check if swap backing store is full
#   Use 64 bit Java on a 64 bit OS
#   Decrease Java heap size (-Xmx/-Xms)
#   Decrease number of Java threads
#   Decrease Java thread stack sizes (-Xss)
#   Set larger code cache with -XX:ReservedCodeCacheSize=
# This output file may be truncated or incomplete.
#
#  Out of Memory Error (allocation.cpp:390), pid=7540, tid=3012
#
# JRE version: Java(TM) SE Runtime Environment (8.0_51-b16) (build 1.8.0_51-b16)
# Java VM: Java HotSpot(TM) 64-Bit Server VM (25.51-b03 mixed mode windows-amd64 compressed oops)
# Failed to write core dump. Minidumps are not enabled by default on client versions of Windows
#

---------------  T H R E A D  ---------------

Current thread (0x0000000015576000):  JavaThread "C2 CompilerThread1" daemon [_thread_in_native, id=3012, stack(0x0000000016ba0000,0x0000000016ca0000)]

Stack: [0x0000000016ba0000,0x0000000016ca0000]
Native frames: (J=compiled Java code, j=interpreted, Vv=VM code, C=native code)
V  [jvm.dll+0x32b4ca]


Current CompileTask:
C2:   9338 1860       4       com.android.dx.ssa.SCCP::run (298 bytes)


---------------  P R O C E S S  ---------------

Java Threads: ( => current thread )
  0x0000000017042800 JavaThread "pool-1-thread-4" [_thread_blocked, id=4896, stack(0x0000000017fa0000,0x00000000180a0000)]
  0x0000000017041800 JavaThread "pool-1-thread-3" [_thread_in_vm_trans, id=5652, stack(0x0000000017ea0000,0x0000000017fa0000)]
  0x0000000017041000 JavaThread "pool-1-thread-2" [_thread_blocked, id=5264, stack(0x0000000017da0000,0x0000000017ea0000)]
  0x000000001703f000 JavaThread "pool-2-thread-1" [_thread_blocked, id=5244, stack(0x0000000017ca0000,0x0000000017da0000)]
  0x000000001700c000 JavaThread "pool-1-thread-1" [_thread_blocked, id=6036, stack(0x0000000017ba0000,0x0000000017ca0000)]
  0x0000000016da5800 JavaThread "Service Thread" daemon [_thread_blocked, id=7388, stack(0x00000000171a0000,0x00000000172a0000)]
  0x0000000015579000 JavaThread "C1 CompilerThread2" daemon [_thread_in_native, id=1692, stack(0x0000000016ca0000,0x0000000016da0000)]
=>0x0000000015576000 JavaThread "C2 CompilerThread1" daemon [_thread_in_native, id=3012, stack(0x0000000016ba0000,0x0000000016ca0000)]
  0x000000001551d000 JavaThread "C2 CompilerThread0" daemon [_thread_in_native, id=6604, stack(0x0000000016aa0000,0x0000000016ba0000)]
  0x000000001551b000 JavaThread "Attach Listener" daemon [_thread_blocked, id=3340, stack(0x00000000169a0000,0x0000000016aa0000)]
  0x0000000015519800 JavaThread "Signal Dispatcher" daemon [_thread_blocked, id=6904, stack(0x00000000168a0000,0x00000000169a0000)]
  0x0000000002db6800 JavaThread "Finalizer" daemon [_thread_blocked, id=3216, stack(0x00000000167a0000,0x00000000168a0000)]
  0x0000000002dae000 JavaThread "Reference Handler" daemon [_thread_blocked, id=5940, stack(0x00000000166a0000,0x00000000167a0000)]
  0x0000000002e4d800 JavaThread "main" [_thread_blocked, id=2256, stack(0x0000000002b60000,0x0000000002c60000)]

Other Threads:
  0x00000000154e7800 VMThread [stack: 0x00000000165a0000,0x00000000166a0000] [id=7996]
  0x0000000016da6800 WatcherThread [stack: 0x00000000172a0000,0x00000000173a0000] [id=3984]

VM state:not at safepoint (normal execution)

VM Mutex/Monitor currently owned by a thread: None

Heap:
 PSYoungGen      total 71680K, used 12016K [0x00000000eab00000, 0x00000000ef600000, 0x0000000100000000)
  eden space 66560K, 10% used [0x00000000eab00000,0x00000000eb1bedd0,0x00000000eec00000)
  from space 5120K, 99% used [0x00000000eec00000,0x00000000ef0fd458,0x00000000ef100000)
  to   space 5120K, 0% used [0x00000000ef100000,0x00000000ef100000,0x00000000ef600000)
 ParOldGen       total 87552K, used 15333K [0x00000000c0000000, 0x00000000c5580000, 0x00000000eab00000)
  object space 87552K, 17% used [0x00000000c0000000,0x00000000c0ef9660,0x00000000c5580000)
 Metaspace       used 6242K, capacity 7152K, committed 7296K, reserved 1056768K
  class space    used 594K, capacity 616K, committed 640K, reserved 1048576K

Card table byte_map: [0x0000000012210000,0x0000000012420000] byte_map_base: 0x0000000011c10000

Marking Bits: (ParMarkBitMap*) 0x00000000543a4040
 Begin Bits: [0x0000000012980000, 0x0000000013980000)
 End Bits:   [0x0000000013980000, 0x0000000014980000)

Polling page: 0x0000000002c60000

CodeCache: size=245760Kb used=8634Kb max_used=8634Kb free=237125Kb
 bounds [0x0000000002e50000, 0x00000000036d0000, 0x0000000011e50000]
 total_blobs=2075 nmethods=1806 adapters=182
 compilation: enabled

Compilation events (10 events):
Event: 8.880 Thread 0x0000000015576000 nmethod 1855 0x0000000003662e50 code [0x0000000003662fa0, 0x0000000003663318]
Event: 8.882 Thread 0x0000000015579000 1856       3       com.android.dx.cf.code.LocalVariableList::get (9 bytes)
Event: 8.882 Thread 0x0000000015579000 nmethod 1856 0x0000000003634e90 code [0x0000000003635000, 0x00000000036352e8]
Event: 8.882 Thread 0x0000000015579000 1857       3       com.android.dx.cf.code.LocalVariableList::set (21 bytes)
Event: 8.882 Thread 0x0000000015576000 1858       4       com.android.dx.cf.code.BaseMachine::popArgs (62 bytes)
Event: 8.883 Thread 0x0000000015579000 nmethod 1857 0x000000000365d210 code [0x000000000365d400, 0x000000000365dcf8]
Event: 8.890 Thread 0x0000000015576000 nmethod 1858 0x000000000366cb10 code [0x000000000366cc80, 0x000000000366d0d8]
Event: 8.891 Thread 0x0000000015576000 1859 %     4       com.android.dx.ssa.SCCP::run @ 133 (298 bytes)
Event: 9.025 Thread 0x0000000015576000 nmethod 1859% 0x000000000368b9d0 code [0x000000000368bda0, 0x000000000368df28]
Event: 9.026 Thread 0x0000000015576000 1860       4       com.android.dx.ssa.SCCP::run (298 bytes)

GC Heap History (6 events):
Event: 3.640 GC heap before
{Heap before GC invocations=1 (full 0):
 PSYoungGen      total 38400K, used 33280K [0x00000000eab00000, 0x00000000ed580000, 0x0000000100000000)
  eden space 33280K, 100% used [0x00000000eab00000,0x00000000ecb80000,0x00000000ecb80000)
  from space 5120K, 0% used [0x00000000ed080000,0x00000000ed080000,0x00000000ed580000)
  to   space 5120K, 0% used [0x00000000ecb80000,0x00000000ecb80000,0x00000000ed080000)
 ParOldGen       total 87552K, used 0K [0x00000000c0000000, 0x00000000c5580000, 0x00000000eab00000)
  object space 87552K, 0% used [0x00000000c0000000,0x00000000c0000000,0x00000000c5580000)
 Metaspace       used 5982K, capacity 6960K, committed 7040K, reserved 1056768K
  class space    used 592K, capacity 616K, committed 640K, reserved 1048576K
Event: 4.041 GC heap after
Heap after GC invocations=1 (full 0):
 PSYoungGen      total 38400K, used 5096K [0x00000000eab00000, 0x00000000ef600000, 0x0000000100000000)
  eden space 33280K, 0% used [0x00000000eab00000,0x00000000eab00000,0x00000000ecb80000)
  from space 5120K, 99% used [0x00000000ecb80000,0x00000000ed07a0c8,0x00000000ed080000)
  to   space 5120K, 0% used [0x00000000ef100000,0x00000000ef100000,0x00000000ef600000)
 ParOldGen       total 87552K, used 1112K [0x00000000c0000000, 0x00000000c5580000, 0x00000000eab00000)
  object space 87552K, 1% used [0x00000000c0000000,0x00000000c0116218,0x00000000c5580000)
 Metaspace       used 5982K, capacity 6960K, committed 7040K, reserved 1056768K
  class space    used 592K, capacity 616K, committed 640K, reserved 1048576K
}
Event: 5.570 GC heap before
{Heap before GC invocations=2 (full 0):
 PSYoungGen      total 38400K, used 38376K [0x00000000eab00000, 0x00000000ef600000, 0x0000000100000000)
  eden space 33280K, 100% used [0x00000000eab00000,0x00000000ecb80000,0x00000000ecb80000)
  from space 5120K, 99% used [0x00000000ecb80000,0x00000000ed07a0c8,0x00000000ed080000)
  to   space 5120K, 0% used [0x00000000ef100000,0x00000000ef100000,0x00000000ef600000)
 ParOldGen       total 87552K, used 1112K [0x00000000c0000000, 0x00000000c5580000, 0x00000000eab00000)
  object space 87552K, 1% used [0x00000000c0000000,0x00000000c0116218,0x00000000c5580000)
 Metaspace       used 6170K, capacity 7088K, committed 7296K, reserved 1056768K
  class space    used 593K, capacity 616K, committed 640K, reserved 1048576K
Event: 5.831 GC heap after
Heap after GC invocations=2 (full 0):
 PSYoungGen      total 71680K, used 5098K [0x00000000eab00000, 0x00000000ef600000, 0x0000000100000000)
  eden space 66560K, 0% used [0x00000000eab00000,0x00000000eab00000,0x00000000eec00000)
  from space 5120K, 99% used [0x00000000ef100000,0x00000000ef5faae0,0x00000000ef600000)
  to   space 5120K, 0% used [0x00000000eec00000,0x00000000eec00000,0x00000000ef100000)
 ParOldGen       total 87552K, used 5363K [0x00000000c0000000, 0x00000000c5580000, 0x00000000eab00000)
  object space 87552K, 6% used [0x00000000c0000000,0x00000000c053ccc0,0x00000000c5580000)
 Metaspace       used 6170K, capacity 7088K, committed 7296K, reserved 1056768K
  class space    used 593K, capacity 616K, committed 640K, reserved 1048576K
}
Event: 8.387 GC heap before
{Heap before GC invocations=3 (full 0):
 PSYoungGen      total 71680K, used 71658K [0x00000000eab00000, 0x00000000ef600000, 0x0000000100000000)
  eden space 66560K, 100% used [0x00000000eab00000,0x00000000eec00000,0x00000000eec00000)
  from space 5120K, 99% used [0x00000000ef100000,0x00000000ef5faae0,0x00000000ef600000)
  to   space 5120K, 0% used [0x00000000eec00000,0x00000000eec00000,0x00000000ef100000)
 ParOldGen       total 87552K, used 5363K [0x00000000c0000000, 0x00000000c5580000, 0x00000000eab00000)
  object space 87552K, 6% used [0x00000000c0000000,0x00000000c053ccc0,0x00000000c5580000)
 Metaspace       used 6234K, capacity 7152K, committed 7296K, reserved 1056768K
  class space    used 594K, capacity 616K, committed 640K, reserved 1048576K
Event: 8.756 GC heap after
Heap after GC invocations=3 (full 0):
 PSYoungGen      total 71680K, used 5109K [0x00000000eab00000, 0x00000000ef600000, 0x0000000100000000)
  eden space 66560K, 0% used [0x00000000eab00000,0x00000000eab00000,0x00000000eec00000)
  from space 5120K, 99% used [0x00000000eec00000,0x00000000ef0fd458,0x00000000ef100000)
  to   space 5120K, 0% used [0x00000000ef100000,0x00000000ef100000,0x00000000ef600000)
 ParOldGen       total 87552K, used 15333K [0x00000000c0000000, 0x00000000c5580000, 0x00000000eab00000)
  object space 87552K, 17% used [0x00000000c0000000,0x00000000c0ef9660,0x00000000c5580000)
 Metaspace       used 6234K, capacity 7152K, committed 7296K, reserved 1056768K
  class space    used 594K, capacity 616K, committed 640K, reserved 1048576K
}

Deoptimization events (10 events):
Event: 5.835 Thread 0x000000001700c000 Uncommon trap: reason=bimorphic action=maybe_recompile pc=0x00000000032a0e50 method=java.util.HashMap.putVal(ILjava/lang/Object;Ljava/lang/Object;ZZ)Ljava/lang/Object; @ 203
Event: 6.614 Thread 0x0000000002e4d800 Uncommon trap: reason=unstable_if action=reinterpret pc=0x00000000033b4ee4 method=com.android.dx.ssa.SCCP.simulateStmt(Lcom/android/dx/ssa/SsaInsn;)V @ 53
Event: 6.711 Thread 0x0000000002e4d800 Uncommon trap: reason=unstable_if action=reinterpret pc=0x0000000003285b7c method=com.android.dx.util.IntList.binarysearch(I)I @ 105
Event: 6.973 Thread 0x000000001700c000 Uncommon trap: reason=unstable_if action=reinterpret pc=0x000000000355fa28 method=com.android.dx.cf.code.RopperMachine.run(Lcom/android/dx/cf/code/Frame;II)V @ 1500
Event: 7.299 Thread 0x0000000017042800 Uncommon trap: reason=bimorphic action=maybe_recompile pc=0x00000000035c8e38 method=com.android.dx.cf.code.BytecodeArray.parseInstruction(ILcom/android/dx/cf/code/BytecodeArray$Visitor;)I @ 939
Event: 7.300 Thread 0x0000000017042800 Uncommon trap: reason=bimorphic action=maybe_recompile pc=0x00000000035c8e38 method=com.android.dx.cf.code.BytecodeArray.parseInstruction(ILcom/android/dx/cf/code/BytecodeArray$Visitor;)I @ 939
Event: 7.308 Thread 0x000000001700c000 Uncommon trap: reason=unstable_if action=reinterpret pc=0x000000000347ce78 method=com.android.dx.ssa.LiteralOpUpgrader$1.visitNonMoveInsn(Lcom/android/dx/ssa/NormalSsaInsn;)V @ 55
Event: 7.309 Thread 0x000000001700c000 Uncommon trap: reason=unstable_if action=reinterpret pc=0x0000000003285f1c method=com.android.dx.ssa.SsaMethod.updateOneDefinition(Lcom/android/dx/ssa/SsaInsn;Lcom/android/dx/rop/code/RegisterSpec;)V @ 4
Event: 7.325 Thread 0x0000000017042800 Uncommon trap: reason=bimorphic action=maybe_recompile pc=0x00000000035c8e38 method=com.android.dx.cf.code.BytecodeArray.parseInstruction(ILcom/android/dx/cf/code/BytecodeArray$Visitor;)I @ 939
Event: 7.325 Thread 0x0000000017042800 Uncommon trap: reason=bimorphic action=maybe_recompile pc=0x00000000035c8e38 method=com.android.dx.cf.code.BytecodeArray.parseInstruction(ILcom/android/dx/cf/code/BytecodeArray$Visitor;)I @ 939

Internal exceptions (2 events):
Event: 0.160 Thread 0x0000000002e4d800 Exception <a 'java/lang/NoSuchMethodError': Method sun.misc.Unsafe.defineClass(Ljava/lang/String;[BII)Ljava/lang/Class; name or signature does not match> (0x00000000eab0d7e0) thrown at [C:\re\workspace\8-2-build-windows-amd64-cygwin\jdk8u51\3951\hotspot\srÆs
Event: 0.160 Thread 0x0000000002e4d800 Exception <a 'java/lang/NoSuchMethodError': Method sun.misc.Unsafe.prefetchRead(Ljava/lang/Object;J)V name or signature does not match> (0x00000000eab0da70) thrown at [C:\re\workspace\8-2-build-windows-amd64-cygwin\jdk8u51\3951\hotspot\src\share\vm\prims\j

Events (10 events):
Event: 8.021 Thread 0x0000000017042800 DEOPT PACKING pc=0x00000000030a5cf9 sp=0x000000001809e510
Event: 8.021 Thread 0x0000000017042800 DEOPT UNPACKING pc=0x0000000002e9787f sp=0x000000001809e240 mode 0
Event: 8.025 Thread 0x0000000017042800 DEOPT PACKING pc=0x000000000325fd93 sp=0x000000001809e460
Event: 8.025 Thread 0x0000000017042800 DEOPT UNPACKING pc=0x0000000002e9787f sp=0x000000001809e270 mode 0
Event: 8.029 Thread 0x0000000017042800 DEOPT PACKING pc=0x00000000031f8f6c sp=0x000000001809e460
Event: 8.029 Thread 0x0000000017042800 DEOPT UNPACKING pc=0x0000000002e9787f sp=0x000000001809e1e0 mode 0
Event: 8.238 Executing VM operation: ParallelGCFailedAllocation
Event: 8.756 Executing VM operation: ParallelGCFailedAllocation done
Event: 9.026 Thread 0x000000001700c000 DEOPT PACKING pc=0x00000000032ff141 sp=0x0000000017c9e820
Event: 9.026 Thread 0x000000001700c000 DEOPT UNPACKING pc=0x0000000002e9787f sp=0x0000000017c9e5b0 mode 0


Dynamic libraries:
0x00007ff784060000 - 0x00007ff784097000 	C:\Program Files\Java\jdk1.8.0_51\bin\java.exe
0x00007ffd0b070000 - 0x00007ffd0b216000 	C:\WINDOWS\SYSTEM32\ntdll.dll
0x00007ffd08d30000 - 0x00007ffd08e6a000 	C:\WINDOWS\system32\KERNEL32.DLL
0x00007ffd074c0000 - 0x00007ffd075cf000 	C:\WINDOWS\system32\KERNELBASE.dll
0x00007ffd05da0000 - 0x00007ffd05e28000 	C:\WINDOWS\system32\apphelp.dll
0x00007ffcea8b0000 - 0x00007ffcea8ff000 	C:\WINDOWS\AppPatch\AppPatch64\AcGenral.DLL
0x00007ffd08e70000 - 0x00007ffd08f17000 	C:\WINDOWS\system32\msvcrt.dll
0x00007ffd06ef0000 - 0x00007ffd06f1b000 	C:\WINDOWS\SYSTEM32\SspiCli.dll
0x00007ffd09920000 - 0x00007ffd09971000 	C:\WINDOWS\system32\SHLWAPI.dll
0x00007ffd09c20000 - 0x00007ffd09d91000 	C:\WINDOWS\system32\USER32.dll
0x00007ffd07630000 - 0x00007ffd077a8000 	C:\WINDOWS\system32\ole32.dll
0x00007ffd077d0000 - 0x00007ffd08bdf000 	C:\WINDOWS\system32\SHELL32.dll
0x00007ffd06700000 - 0x00007ffd0671e000 	C:\WINDOWS\SYSTEM32\USERENV.dll
0x00007ffd09240000 - 0x00007ffd092e5000 	C:\WINDOWS\system32\ADVAPI32.dll
0x00007ffcff210000 - 0x00007ffcff22b000 	C:\WINDOWS\SYSTEM32\MPR.dll
0x00007ffd08bf0000 - 0x00007ffd08d27000 	C:\WINDOWS\system32\RPCRT4.dll
0x00007ffd09b20000 - 0x00007ffd09b77000 	C:\WINDOWS\SYSTEM32\sechost.dll
0x00007ffd08f80000 - 0x00007ffd09156000 	C:\WINDOWS\SYSTEM32\combase.dll
0x00007ffd097d0000 - 0x00007ffd09914000 	C:\WINDOWS\system32\GDI32.dll
0x00007ffd07110000 - 0x00007ffd07124000 	C:\WINDOWS\SYSTEM32\profapi.dll
0x00007ffd05a50000 - 0x00007ffd05aef000 	C:\WINDOWS\SYSTEM32\SHCORE.dll
0x00007ffd092f0000 - 0x00007ffd09324000 	C:\WINDOWS\system32\IMM32.DLL
0x00007ffd09330000 - 0x00007ffd09469000 	C:\WINDOWS\system32\MSCTF.dll
0x00007ffd05620000 - 0x00007ffd0587a000 	C:\WINDOWS\WinSxS\amd64_microsoft.windows.common-controls_6595b64144ccf1df_6.0.9600.17031_none_6242a4b3ecbb55a1\COMCTL32.dll
0x00007ffceb0d0000 - 0x00007ffceb13a000 	C:\Program Files (x86)\AVG\Av\avghooka.dll
0x00000000534c0000 - 0x0000000053592000 	C:\Program Files\Java\jdk1.8.0_51\jre\bin\msvcr100.dll
0x0000000053ba0000 - 0x0000000054423000 	C:\Program Files\Java\jdk1.8.0_51\jre\bin\server\jvm.dll
0x00007ffcede40000 - 0x00007ffcede49000 	C:\WINDOWS\SYSTEM32\WSOCK32.dll
0x00007ffcff650000 - 0x00007ffcff66f000 	C:\WINDOWS\SYSTEM32\WINMM.dll
0x00007ffcff0f0000 - 0x00007ffcff0fa000 	C:\WINDOWS\SYSTEM32\VERSION.dll
0x00007ffd08be0000 - 0x00007ffd08be7000 	C:\WINDOWS\system32\PSAPI.DLL
0x00007ffd08f20000 - 0x00007ffd08f78000 	C:\WINDOWS\system32\WS2_32.dll
0x00007ffcff5f0000 - 0x00007ffcff61a000 	C:\WINDOWS\SYSTEM32\WINMMBASE.dll
0x00007ffd077b0000 - 0x00007ffd077b9000 	C:\WINDOWS\system32\NSI.dll
0x00007ffd075d0000 - 0x00007ffd0761a000 	C:\WINDOWS\SYSTEM32\cfgmgr32.dll
0x00007ffd05f90000 - 0x00007ffd05fb6000 	C:\WINDOWS\SYSTEM32\DEVOBJ.dll
0x0000000053b90000 - 0x0000000053b9f000 	C:\Program Files\Java\jdk1.8.0_51\jre\bin\verify.dll
0x0000000053b60000 - 0x0000000053b89000 	C:\Program Files\Java\jdk1.8.0_51\jre\bin\java.dll
0x0000000053b40000 - 0x0000000053b56000 	C:\Program Files\Java\jdk1.8.0_51\jre\bin\zip.dll

VM Arguments:
jvm_args: -Djava.awt.headless=true -Xmx1024M -Dfile.encoding=windows-1252 -Duser.country=ES -Duser.language=es -Duser.variant 
java_command: com.android.dx.command.Main --dex --force-jumbo --num-threads=4 --output C:\Users\win8.1\AndroidStudioProjects\Alarma\app\build\intermediates\pre-dexed\debug\com.android.support-appcompat-v7-23.4.0_ead3051ed03fa227da3115e9f2c1b439d3928deb.jar C:\Users\win8.1\AndroidStudioProjects\Alarma\app\build\intermediates\exploded-aar\com.android.support\appcompat-v7\23.4.0\jars\classes.jar
java_class_path (initial): C:\Users\win8.1\AppData\Local\Android\sdk\build-tools\23.0.3\lib\dx.jar
Launcher Type: SUN_STANDARD

Environment Variables:
PATH=C:\ProgramData\Oracle\Java\javapath;C:\WINDOWS\system32;C:\WINDOWS;C:\WINDOWS\System32\Wbem;C:\WINDOWS\System32\WindowsPowerShell\v1.0\;C:\Program Files\Microsoft SQL Server\110\Tools\Binn\;C:\Program Files (x86)\Intel\OpenCL SDK\2.0\bin\x86;C:\Program Files (x86)\Intel\OpenCL SDK\2.0\bin\x64;C:\Program Files\Microsoft\Web Platform Installer\;C:\Program Files\Microsoft SQL Server\120\DTS\Binn\;C:\Program Files\Microsoft SQL Server\Client SDK\ODBC\110\Tools\Binn\;C:\Program Files (x86)\Microsoft SQL Server\120\Tools\Binn\;C:\Program Files\Microsoft SQL Server\120\Tools\Binn\;C:\Program Files (x86)\Microsoft SQL Server\120\Tools\Binn\ManagementStudio\;C:\Program Files (x86)\Microsoft SQL Server\120\DTS\Binn\;C:\Program Files (x86)\GtkSharp\2.12\bin;C:\Program Files\Git\cmd;C:\Program Files (x86)\Skype\Phone\;C:\Ruby21-x64\bin
USERNAME=win8.1
OS=Windows_NT
PROCESSOR_IDENTIFIER=Intel64 Family 6 Model 42 Stepping 7, GenuineIntel



---------------  S Y S T E M  ---------------

OS: Windows 8.1 , 64 bit Build 9600 (6.3.9600.17056)

CPU:total 4 (2 cores per cpu, 2 threads per core) family 6 model 42 stepping 7, cmov, cx8, fxsr, mmx, sse, sse2, sse3, ssse3, sse4.1, sse4.2, popcnt, avx, aes, clmul, ht, tsc, tscinvbit

Memory: 4k page, physical 8331116k(1754736k free), swap 8331116k(5112k free)

vm_info: Java HotSpot(TM) 64-Bit Server VM (25.51-b03) for windows-amd64 JRE (1.8.0_51-b16), built on Jun  8 2015 18:03:07 by "java_re" with MS VC++ 10.0 (VS2010)

time: Fri Aug 05 18:44:17 2016
elapsed time: 9 seconds (0d 0h 0m 9s)

