#
# There is insufficient memory for the Java Runtime Environment to continue.
# Native memory allocation (malloc) failed to allocate 1160976 bytes for Chunk::new
# Possible reasons:
#   The system is out of physical RAM or swap space
#   In 32 bit mode, the process size limit was hit
# Possible solutions:
#   Reduce memory load on the system
#   Increase physical memory or swap space
#   Check if swap backing store is full
#   Use 64 bit Java on a 64 bit OS
#   Decrease Java heap size (-Xmx/-Xms)
#   Decrease number of Java threads
#   Decrease Java thread stack sizes (-Xss)
#   Set larger code cache with -XX:ReservedCodeCacheSize=
# This output file may be truncated or incomplete.
#
#  Out of Memory Error (allocation.cpp:390), pid=8144, tid=7400
#
# JRE version: Java(TM) SE Runtime Environment (8.0_51-b16) (build 1.8.0_51-b16)
# Java VM: Java HotSpot(TM) 64-Bit Server VM (25.51-b03 mixed mode windows-amd64 compressed oops)
# Failed to write core dump. Minidumps are not enabled by default on client versions of Windows
#

---------------  T H R E A D  ---------------

Current thread (0x000000001473d000):  JavaThread "C2 CompilerThread0" daemon [_thread_in_native, id=7400, stack(0x0000000015cb0000,0x0000000015db0000)]

Stack: [0x0000000015cb0000,0x0000000015db0000]
Native frames: (J=compiled Java code, j=interpreted, Vv=VM code, C=native code)
V  [jvm.dll+0x32b4ca]
V  [jvm.dll+0x2797e3]
V  [jvm.dll+0x27a479]
V  [jvm.dll+0x271765]
V  [jvm.dll+0xcba02]
V  [jvm.dll+0xcbecc]
V  [jvm.dll+0x476f72]
V  [jvm.dll+0x4b95ff]
V  [jvm.dll+0x46c011]
V  [jvm.dll+0x46cd4e]
V  [jvm.dll+0x4501a2]
V  [jvm.dll+0xa43a2]
V  [jvm.dll+0xa4cdf]
V  [jvm.dll+0x2418a4]
V  [jvm.dll+0x29846a]
C  [msvcr100.dll+0x21d9f]
C  [msvcr100.dll+0x21e3b]
C  [KERNEL32.DLL+0x16ad]
C  [ntdll.dll+0x54409]


Current CompileTask:
C2:   5581 1545       4       com.android.dx.dex.code.RopToDop::dopFor (792 bytes)


---------------  P R O C E S S  ---------------

Java Threads: ( => current thread )
  0x00000000161fa800 JavaThread "pool-1-thread-4" [_thread_blocked, id=4192, stack(0x00000000169b0000,0x0000000016ab0000)]
  0x00000000161fa000 JavaThread "pool-1-thread-3" [_thread_blocked, id=6140, stack(0x00000000168b0000,0x00000000169b0000)]
  0x00000000161f9000 JavaThread "pool-1-thread-2" [_thread_blocked, id=7984, stack(0x00000000167b0000,0x00000000168b0000)]
  0x0000000016279000 JavaThread "pool-2-thread-1" [_thread_blocked, id=7796, stack(0x00000000166b0000,0x00000000167b0000)]
  0x0000000016278800 JavaThread "pool-1-thread-1" [_thread_blocked, id=4172, stack(0x00000000165b0000,0x00000000166b0000)]
  0x0000000015fb5800 JavaThread "Service Thread" daemon [_thread_blocked, id=8128, stack(0x00000000163b0000,0x00000000164b0000)]
  0x000000001479c800 JavaThread "C1 CompilerThread2" daemon [_thread_blocked, id=1936, stack(0x0000000015eb0000,0x0000000015fb0000)]
  0x0000000014796000 JavaThread "C2 CompilerThread1" daemon [_thread_in_native, id=4268, stack(0x0000000015db0000,0x0000000015eb0000)]
=>0x000000001473d000 JavaThread "C2 CompilerThread0" daemon [_thread_in_native, id=7400, stack(0x0000000015cb0000,0x0000000015db0000)]
  0x000000001473b000 JavaThread "Attach Listener" daemon [_thread_blocked, id=1612, stack(0x0000000015bb0000,0x0000000015cb0000)]
  0x0000000014739800 JavaThread "Signal Dispatcher" daemon [_thread_blocked, id=3760, stack(0x0000000015ab0000,0x0000000015bb0000)]
  0x0000000001f96800 JavaThread "Finalizer" daemon [_thread_blocked, id=8068, stack(0x00000000159b0000,0x0000000015ab0000)]
  0x0000000001f8e000 JavaThread "Reference Handler" daemon [_thread_blocked, id=7668, stack(0x00000000158b0000,0x00000000159b0000)]
  0x000000000206d800 JavaThread "main" [_thread_in_vm, id=5624, stack(0x0000000001d30000,0x0000000001e30000)]

Other Threads:
  0x0000000014707800 VMThread [stack: 0x00000000157b0000,0x00000000158b0000] [id=5328]
  0x0000000015fb6800 WatcherThread [stack: 0x00000000164b0000,0x00000000165b0000] [id=5404]

VM state:not at safepoint (normal execution)

VM Mutex/Monitor currently owned by a thread: None

Heap:
 PSYoungGen      total 38400K, used 30703K [0x00000000eab00000, 0x00000000ed580000, 0x0000000100000000)
  eden space 33280K, 76% used [0x00000000eab00000,0x00000000ec403148,0x00000000ecb80000)
  from space 5120K, 99% used [0x00000000ecb80000,0x00000000ed078be0,0x00000000ed080000)
  to   space 5120K, 0% used [0x00000000ed080000,0x00000000ed080000,0x00000000ed580000)
 ParOldGen       total 87552K, used 1212K [0x00000000c0000000, 0x00000000c5580000, 0x00000000eab00000)
  object space 87552K, 1% used [0x00000000c0000000,0x00000000c012f188,0x00000000c5580000)
 Metaspace       used 6123K, capacity 7024K, committed 7296K, reserved 1056768K
  class space    used 592K, capacity 616K, committed 640K, reserved 1048576K

Card table byte_map: [0x0000000011430000,0x0000000011640000] byte_map_base: 0x0000000010e30000

Marking Bits: (ParMarkBitMap*) 0x00000000543a4040
 Begin Bits: [0x0000000011ba0000, 0x0000000012ba0000)
 End Bits:   [0x0000000012ba0000, 0x0000000013ba0000)

Polling page: 0x0000000001e30000

CodeCache: size=245760Kb used=6712Kb max_used=6712Kb free=239048Kb
 bounds [0x0000000002070000, 0x0000000002710000, 0x0000000011070000]
 total_blobs=1831 nmethods=1562 adapters=182
 compilation: enabled

Compilation events (10 events):
Event: 5.492 Thread 0x000000001479c800 nmethod 1550 0x00000000026eb050 code [0x00000000026eb1e0, 0x00000000026eb588]
Event: 5.492 Thread 0x000000001479c800 1551       3       com.android.dx.cf.code.OneLocalsArray::set (10 bytes)
Event: 5.492 Thread 0x000000001479c800 nmethod 1551 0x00000000026ed9d0 code [0x00000000026edb40, 0x00000000026edd88]
Event: 5.492 Thread 0x000000001479c800 1552       3       com.android.dx.rop.code.RegisterSpec::getFrameType (10 bytes)
Event: 5.492 Thread 0x000000001479c800 nmethod 1552 0x00000000026ed590 code [0x00000000026ed700, 0x00000000026ed928]
Event: 5.492 Thread 0x000000001479c800 1553       3       com.android.dx.rop.type.Type::isReference (15 bytes)
Event: 5.493 Thread 0x000000001479c800 nmethod 1553 0x00000000026ed210 code [0x00000000026ed360, 0x00000000026ed510]
Event: 5.494 Thread 0x000000001479c800 1554       3       com.android.dx.ssa.back.FirstFitLocalCombiningAllocator$Multiset::add (68 bytes)
Event: 5.494 Thread 0x000000001479c800 nmethod 1554 0x00000000026ecb10 code [0x00000000026ecca0, 0x00000000026ecf90]
Event: 5.499 Thread 0x0000000014796000 1555       4       com.android.dx.cf.code.Merger::isPossiblyAssignableFrom (202 bytes)

GC Heap History (2 events):
Event: 3.399 GC heap before
{Heap before GC invocations=1 (full 0):
 PSYoungGen      total 38400K, used 33280K [0x00000000eab00000, 0x00000000ed580000, 0x0000000100000000)
  eden space 33280K, 100% used [0x00000000eab00000,0x00000000ecb80000,0x00000000ecb80000)
  from space 5120K, 0% used [0x00000000ed080000,0x00000000ed080000,0x00000000ed580000)
  to   space 5120K, 0% used [0x00000000ecb80000,0x00000000ecb80000,0x00000000ed080000)
 ParOldGen       total 87552K, used 0K [0x00000000c0000000, 0x00000000c5580000, 0x00000000eab00000)
  object space 87552K, 0% used [0x00000000c0000000,0x00000000c0000000,0x00000000c5580000)
 Metaspace       used 6004K, capacity 6960K, committed 7040K, reserved 1056768K
  class space    used 592K, capacity 616K, committed 640K, reserved 1048576K
Event: 3.607 GC heap after
Heap after GC invocations=1 (full 0):
 PSYoungGen      total 38400K, used 5090K [0x00000000eab00000, 0x00000000ed580000, 0x0000000100000000)
  eden space 33280K, 0% used [0x00000000eab00000,0x00000000eab00000,0x00000000ecb80000)
  from space 5120K, 99% used [0x00000000ecb80000,0x00000000ed078be0,0x00000000ed080000)
  to   space 5120K, 0% used [0x00000000ed080000,0x00000000ed080000,0x00000000ed580000)
 ParOldGen       total 87552K, used 1212K [0x00000000c0000000, 0x00000000c5580000, 0x00000000eab00000)
  object space 87552K, 1% used [0x00000000c0000000,0x00000000c012f188,0x00000000c5580000)
 Metaspace       used 6004K, capacity 6960K, committed 7040K, reserved 1056768K
  class space    used 592K, capacity 616K, committed 640K, reserved 1048576K
}

Deoptimization events (10 events):
Event: 1.333 Thread 0x000000000206d800 Uncommon trap: reason=unstable_if action=reinterpret pc=0x00000000021cec14 method=java.lang.String.compareTo(Ljava/lang/String;)I @ 38
Event: 2.173 Thread 0x000000000206d800 Uncommon trap: reason=bimorphic action=maybe_recompile pc=0x00000000022f82e8 method=java.util.HashMap.getNode(ILjava/lang/Object;)Ljava/util/HashMap$Node; @ 126
Event: 2.668 Thread 0x00000000161f9000 Uncommon trap: reason=unstable_if action=reinterpret pc=0x0000000002454cec method=com.android.dx.rop.code.RegisterSpecSet.put(Lcom/android/dx/rop/code/RegisterSpec;)V @ 77
Event: 3.689 Thread 0x00000000161fa000 Uncommon trap: reason=unstable_if action=reinterpret pc=0x00000000025059d0 method=com.android.dx.ssa.SsaRenamer$BlockRenamer.addMapping(ILcom/android/dx/rop/code/RegisterSpec;)V @ 120
Event: 3.696 Thread 0x00000000161fa000 Uncommon trap: reason=bimorphic action=maybe_recompile pc=0x00000000022f82e8 method=java.util.HashMap.getNode(ILjava/lang/Object;)Ljava/util/HashMap$Node; @ 126
Event: 3.740 Thread 0x00000000161fa800 Uncommon trap: reason=bimorphic action=maybe_recompile pc=0x00000000025d095c method=com.android.dx.cf.code.BytecodeArray.parseInstruction(ILcom/android/dx/cf/code/BytecodeArray$Visitor;)I @ 2484
Event: 3.741 Thread 0x00000000161fa800 Uncommon trap: reason=bimorphic action=maybe_recompile pc=0x00000000025d095c method=com.android.dx.cf.code.BytecodeArray.parseInstruction(ILcom/android/dx/cf/code/BytecodeArray$Visitor;)I @ 2484
Event: 4.392 Thread 0x000000000206d800 Uncommon trap: reason=unstable_if action=reinterpret pc=0x00000000023b505c method=com.android.dx.rop.cst.Constant.compareTo(Lcom/android/dx/rop/cst/Constant;)I @ 12
Event: 4.849 Thread 0x000000000206d800 Uncommon trap: reason=unstable_if action=reinterpret pc=0x000000000269e890 method=com.android.dx.rop.code.RegisterSpecSet.localItemToSpec(Lcom/android/dx/rop/code/LocalItem;)Lcom/android/dx/rop/code/RegisterSpec; @ 35
Event: 5.496 Thread 0x000000000206d800 Uncommon trap: reason=class_check action=maybe_recompile pc=0x0000000002693b60 method=com.android.dx.cf.code.RopperMachine.run(Lcom/android/dx/cf/code/Frame;II)V @ 988

Internal exceptions (2 events):
Event: 0.268 Thread 0x000000000206d800 Exception <a 'java/lang/NoSuchMethodError': Method sun.misc.Unsafe.defineClass(Ljava/lang/String;[BII)Ljava/lang/Class; name or signature does not match> (0x00000000eab0d660) thrown at [C:\re\workspace\8-2-build-windows-amd64-cygwin\jdk8u51\3951\hotspot\srË
ÿ?ê"—?
Event: 0.268 Thread 0x000000000206d800 Exception <a 'java/lang/NoSuchMethodError': Method sun.misc.Unsafe.prefetchRead(Ljava/lang/Object;J)V name or signature does not match> (0x00000000eab0d8f0) thrown at [C:\re\workspace\8-2-build-windows-amd64-cygwin\jdk8u51\3951\hotspot\src\share\vm\prims\j

Events (10 events):
Event: 4.392 Thread 0x000000000206d800 DEOPT PACKING pc=0x00000000023b505c sp=0x0000000001e2de20
Event: 4.392 Thread 0x000000000206d800 DEOPT UNPACKING pc=0x00000000020b582a sp=0x0000000001e2ddc0 mode 2
Event: 4.831 Executing VM operation: EnableBiasedLocking
Event: 4.831 Executing VM operation: EnableBiasedLocking done
Event: 4.849 Thread 0x000000000206d800 Uncommon trap: trap_request=0xffffff65 fr.pc=0x000000000269e890
Event: 4.849 Thread 0x000000000206d800 DEOPT PACKING pc=0x000000000269e890 sp=0x0000000001e2e290
Event: 4.849 Thread 0x000000000206d800 DEOPT UNPACKING pc=0x00000000020b582a sp=0x0000000001e2e1e8 mode 2
Event: 5.496 Thread 0x000000000206d800 Uncommon trap: trap_request=0xffffffde fr.pc=0x0000000002693b60
Event: 5.496 Thread 0x000000000206d800 DEOPT PACKING pc=0x0000000002693b60 sp=0x0000000001e2dd60
Event: 5.496 Thread 0x000000000206d800 DEOPT UNPACKING pc=0x00000000020b582a sp=0x0000000001e2dd28 mode 2


Dynamic libraries:
0x00007ff784060000 - 0x00007ff784097000 	C:\Program Files\Java\jdk1.8.0_51\bin\java.exe
0x00007ffd0b070000 - 0x00007ffd0b216000 	C:\WINDOWS\SYSTEM32\ntdll.dll
0x00007ffd08d30000 - 0x00007ffd08e6a000 	C:\WINDOWS\system32\KERNEL32.DLL
0x00007ffd074c0000 - 0x00007ffd075cf000 	C:\WINDOWS\system32\KERNELBASE.dll
0x00007ffd05da0000 - 0x00007ffd05e28000 	C:\WINDOWS\system32\apphelp.dll
0x00007ffce9890000 - 0x00007ffce98df000 	C:\WINDOWS\AppPatch\AppPatch64\AcGenral.DLL
0x00007ffd08e70000 - 0x00007ffd08f17000 	C:\WINDOWS\system32\msvcrt.dll
0x00007ffd06ef0000 - 0x00007ffd06f1b000 	C:\WINDOWS\SYSTEM32\SspiCli.dll
0x00007ffd09920000 - 0x00007ffd09971000 	C:\WINDOWS\system32\SHLWAPI.dll
0x00007ffd09c20000 - 0x00007ffd09d91000 	C:\WINDOWS\system32\USER32.dll
0x00007ffd07630000 - 0x00007ffd077a8000 	C:\WINDOWS\system32\ole32.dll
0x00007ffd077d0000 - 0x00007ffd08bdf000 	C:\WINDOWS\system32\SHELL32.dll
0x00007ffd06700000 - 0x00007ffd0671e000 	C:\WINDOWS\SYSTEM32\USERENV.dll
0x00007ffd09240000 - 0x00007ffd092e5000 	C:\WINDOWS\system32\ADVAPI32.dll
0x00007ffcff210000 - 0x00007ffcff22b000 	C:\WINDOWS\SYSTEM32\MPR.dll
0x00007ffd08bf0000 - 0x00007ffd08d27000 	C:\WINDOWS\system32\RPCRT4.dll
0x00007ffd09b20000 - 0x00007ffd09b77000 	C:\WINDOWS\SYSTEM32\sechost.dll
0x00007ffd08f80000 - 0x00007ffd09156000 	C:\WINDOWS\SYSTEM32\combase.dll
0x00007ffd097d0000 - 0x00007ffd09914000 	C:\WINDOWS\system32\GDI32.dll
0x00007ffd07110000 - 0x00007ffd07124000 	C:\WINDOWS\SYSTEM32\profapi.dll
0x00007ffd05a50000 - 0x00007ffd05aef000 	C:\WINDOWS\SYSTEM32\SHCORE.dll
0x00007ffd092f0000 - 0x00007ffd09324000 	C:\WINDOWS\system32\IMM32.DLL
0x00007ffd09330000 - 0x00007ffd09469000 	C:\WINDOWS\system32\MSCTF.dll
0x00007ffd05620000 - 0x00007ffd0587a000 	C:\WINDOWS\WinSxS\amd64_microsoft.windows.common-controls_6595b64144ccf1df_6.0.9600.17031_none_6242a4b3ecbb55a1\COMCTL32.dll
0x00007ffceb0d0000 - 0x00007ffceb13a000 	C:\Program Files (x86)\AVG\Av\avghooka.dll
0x0000000053230000 - 0x0000000053302000 	C:\Program Files\Java\jdk1.8.0_51\jre\bin\msvcr100.dll
0x0000000053ba0000 - 0x0000000054423000 	C:\Program Files\Java\jdk1.8.0_51\jre\bin\server\jvm.dll
0x00007ffcede40000 - 0x00007ffcede49000 	C:\WINDOWS\SYSTEM32\WSOCK32.dll
0x00007ffcff650000 - 0x00007ffcff66f000 	C:\WINDOWS\SYSTEM32\WINMM.dll
0x00007ffcff0f0000 - 0x00007ffcff0fa000 	C:\WINDOWS\SYSTEM32\VERSION.dll
0x00007ffd08be0000 - 0x00007ffd08be7000 	C:\WINDOWS\system32\PSAPI.DLL
0x00007ffd08f20000 - 0x00007ffd08f78000 	C:\WINDOWS\system32\WS2_32.dll
0x00007ffcff5f0000 - 0x00007ffcff61a000 	C:\WINDOWS\SYSTEM32\WINMMBASE.dll
0x00007ffd077b0000 - 0x00007ffd077b9000 	C:\WINDOWS\system32\NSI.dll
0x00007ffd075d0000 - 0x00007ffd0761a000 	C:\WINDOWS\SYSTEM32\cfgmgr32.dll
0x00007ffd05f90000 - 0x00007ffd05fb6000 	C:\WINDOWS\SYSTEM32\DEVOBJ.dll
0x0000000053b90000 - 0x0000000053b9f000 	C:\Program Files\Java\jdk1.8.0_51\jre\bin\verify.dll
0x0000000053b60000 - 0x0000000053b89000 	C:\Program Files\Java\jdk1.8.0_51\jre\bin\java.dll
0x0000000053b40000 - 0x0000000053b56000 	C:\Program Files\Java\jdk1.8.0_51\jre\bin\zip.dll
0x00007ffce9020000 - 0x00007ffce91a8000 	C:\WINDOWS\SYSTEM32\dbghelp.dll

VM Arguments:
jvm_args: -Djava.awt.headless=true -Xmx1024M -Dfile.encoding=windows-1252 -Duser.country=ES -Duser.language=es -Duser.variant 
java_command: com.android.dx.command.Main --dex --force-jumbo --num-threads=4 --output C:\Users\win8.1\AndroidStudioProjects\Alarma\app\build\intermediates\pre-dexed\debug\com.android.support-appcompat-v7-23.4.0_ead3051ed03fa227da3115e9f2c1b439d3928deb.jar C:\Users\win8.1\AndroidStudioProjects\Alarma\app\build\intermediates\exploded-aar\com.android.support\appcompat-v7\23.4.0\jars\classes.jar
java_class_path (initial): C:\Users\win8.1\AppData\Local\Android\sdk\build-tools\23.0.3\lib\dx.jar
Launcher Type: SUN_STANDARD

Environment Variables:
PATH=C:\ProgramData\Oracle\Java\javapath;C:\WINDOWS\system32;C:\WINDOWS;C:\WINDOWS\System32\Wbem;C:\WINDOWS\System32\WindowsPowerShell\v1.0\;C:\Program Files\Microsoft SQL Server\110\Tools\Binn\;C:\Program Files (x86)\Intel\OpenCL SDK\2.0\bin\x86;C:\Program Files (x86)\Intel\OpenCL SDK\2.0\bin\x64;C:\Program Files\Microsoft\Web Platform Installer\;C:\Program Files\Microsoft SQL Server\120\DTS\Binn\;C:\Program Files\Microsoft SQL Server\Client SDK\ODBC\110\Tools\Binn\;C:\Program Files (x86)\Microsoft SQL Server\120\Tools\Binn\;C:\Program Files\Microsoft SQL Server\120\Tools\Binn\;C:\Program Files (x86)\Microsoft SQL Server\120\Tools\Binn\ManagementStudio\;C:\Program Files (x86)\Microsoft SQL Server\120\DTS\Binn\;C:\Program Files (x86)\GtkSharp\2.12\bin;C:\Program Files\Git\cmd;C:\Program Files (x86)\Skype\Phone\;C:\Ruby21-x64\bin
USERNAME=win8.1
OS=Windows_NT
PROCESSOR_IDENTIFIER=Intel64 Family 6 Model 42 Stepping 7, GenuineIntel



---------------  S Y S T E M  ---------------

OS: Windows 8.1 , 64 bit Build 9600 (6.3.9600.17056)

CPU:total 4 (2 cores per cpu, 2 threads per core) family 6 model 42 stepping 7, cmov, cx8, fxsr, mmx, sse, sse2, sse3, ssse3, sse4.1, sse4.2, popcnt, avx, aes, clmul, ht, tsc, tscinvbit

Memory: 4k page, physical 8331116k(2303188k free), swap 8331116k(204024k free)

vm_info: Java HotSpot(TM) 64-Bit Server VM (25.51-b03) for windows-amd64 JRE (1.8.0_51-b16), built on Jun  8 2015 18:03:07 by "java_re" with MS VC++ 10.0 (VS2010)

time: Fri Aug 05 19:09:47 2016
elapsed time: 5 seconds (0d 0h 0m 5s)

