#
# There is insufficient memory for the Java Runtime Environment to continue.
# Native memory allocation (malloc) failed to allocate 206736 bytes for Chunk::new
# Possible reasons:
#   The system is out of physical RAM or swap space
#   In 32 bit mode, the process size limit was hit
# Possible solutions:
#   Reduce memory load on the system
#   Increase physical memory or swap space
#   Check if swap backing store is full
#   Use 64 bit Java on a 64 bit OS
#   Decrease Java heap size (-Xmx/-Xms)
#   Decrease number of Java threads
#   Decrease Java thread stack sizes (-Xss)
#   Set larger code cache with -XX:ReservedCodeCacheSize=
# This output file may be truncated or incomplete.
#
#  Out of Memory Error (allocation.cpp:390), pid=6568, tid=6036
#
# JRE version: Java(TM) SE Runtime Environment (8.0_51-b16) (build 1.8.0_51-b16)
# Java VM: Java HotSpot(TM) 64-Bit Server VM (25.51-b03 mixed mode windows-amd64 compressed oops)
# Failed to write core dump. Minidumps are not enabled by default on client versions of Windows
#

---------------  T H R E A D  ---------------

Current thread (0x0000000015276800):  JavaThread "C2 CompilerThread1" daemon [_thread_in_native, id=6036, stack(0x0000000016870000,0x0000000016970000)]

Stack: [0x0000000016870000,0x0000000016970000]
Native frames: (J=compiled Java code, j=interpreted, Vv=VM code, C=native code)
V  [jvm.dll+0x32b4ca]


Current CompileTask:
C2:   3406 1147       4       com.android.dx.ssa.SsaMethod::forEachInsn (36 bytes)


---------------  P R O C E S S  ---------------

Java Threads: ( => current thread )
  0x0000000016ccd000 JavaThread "pool-2-thread-4" [_thread_in_Java, id=5400, stack(0x0000000017470000,0x0000000017570000)]
  0x0000000016ccc800 JavaThread "pool-2-thread-3" [_thread_in_Java, id=1480, stack(0x0000000017370000,0x0000000017470000)]
  0x0000000016ccb800 JavaThread "pool-2-thread-2" [_thread_in_vm, id=6196, stack(0x0000000017270000,0x0000000017370000)]
  0x0000000016cc8800 JavaThread "pool-3-thread-1" [_thread_blocked, id=6444, stack(0x0000000017170000,0x0000000017270000)]
  0x0000000016cc8000 JavaThread "pool-2-thread-1" [_thread_in_Java, id=6108, stack(0x0000000017070000,0x0000000017170000)]
  0x0000000016a75800 JavaThread "Service Thread" daemon [_thread_blocked, id=6580, stack(0x0000000016e70000,0x0000000016f70000)]
  0x0000000015279000 JavaThread "C1 CompilerThread2" daemon [_thread_blocked, id=7508, stack(0x0000000016970000,0x0000000016a70000)]
=>0x0000000015276800 JavaThread "C2 CompilerThread1" daemon [_thread_in_native, id=6036, stack(0x0000000016870000,0x0000000016970000)]
  0x000000001521d000 JavaThread "C2 CompilerThread0" daemon [_thread_in_vm, id=3540, stack(0x0000000016770000,0x0000000016870000)]
  0x000000001521b000 JavaThread "Attach Listener" daemon [_thread_blocked, id=8176, stack(0x0000000016670000,0x0000000016770000)]
  0x000000001521a800 JavaThread "Signal Dispatcher" daemon [_thread_blocked, id=6400, stack(0x0000000016570000,0x0000000016670000)]
  0x0000000002b47000 JavaThread "Finalizer" daemon [_thread_blocked, id=7440, stack(0x0000000016470000,0x0000000016570000)]
  0x0000000002b3e000 JavaThread "Reference Handler" daemon [_thread_blocked, id=4092, stack(0x0000000016370000,0x0000000016470000)]
  0x0000000002a4d800 JavaThread "main" [_thread_in_Java, id=7644, stack(0x00000000028c0000,0x00000000029c0000)]

Other Threads:
  0x00000000151e8000 VMThread [stack: 0x0000000016270000,0x0000000016370000] [id=7968]
  0x0000000016a77000 WatcherThread [stack: 0x0000000016f70000,0x0000000017070000] [id=7848]

VM state:not at safepoint (normal execution)

VM Mutex/Monitor currently owned by a thread: None

Heap:
 PSYoungGen      total 38400K, used 27367K [0x00000000eab00000, 0x00000000ed580000, 0x0000000100000000)
  eden space 33280K, 82% used [0x00000000eab00000,0x00000000ec5b9fd8,0x00000000ecb80000)
  from space 5120K, 0% used [0x00000000ed080000,0x00000000ed080000,0x00000000ed580000)
  to   space 5120K, 0% used [0x00000000ecb80000,0x00000000ecb80000,0x00000000ed080000)
 ParOldGen       total 87552K, used 0K [0x00000000c0000000, 0x00000000c5580000, 0x00000000eab00000)
  object space 87552K, 0% used [0x00000000c0000000,0x00000000c0000000,0x00000000c5580000)
 Metaspace       used 5903K, capacity 6896K, committed 7040K, reserved 1056768K
  class space    used 591K, capacity 616K, committed 640K, reserved 1048576K

Card table byte_map: [0x0000000011f10000,0x0000000012120000] byte_map_base: 0x0000000011910000

Marking Bits: (ParMarkBitMap*) 0x00000000543a4040
 Begin Bits: [0x0000000012680000, 0x0000000013680000)
 End Bits:   [0x0000000013680000, 0x0000000014680000)

Polling page: 0x0000000002870000

CodeCache: size=245760Kb used=4684Kb max_used=4684Kb free=241075Kb
 bounds [0x0000000002b50000, 0x0000000002ff0000, 0x0000000011b50000]
 total_blobs=1441 nmethods=1172 adapters=182
 compilation: enabled

Compilation events (10 events):
Event: 3.393 Thread 0x0000000015279000 nmethod 1165 0x0000000002fdc490 code [0x0000000002fdc740, 0x0000000002fddaf8]
Event: 3.393 Thread 0x000000001521d000 1166       4       com.android.dx.ssa.SsaMethod::updateOneDefinition (70 bytes)
Event: 3.394 Thread 0x000000001521d000 nmethod 1166 0x0000000002fc1ed0 code [0x0000000002fc2000, 0x0000000002fc2078]
Event: 3.394 Thread 0x0000000015279000 1167       3       com.android.dx.rop.code.RegisterSpecList::withFirst (64 bytes)
Event: 3.395 Thread 0x0000000015279000 nmethod 1167 0x0000000002fdef10 code [0x0000000002fdf1a0, 0x0000000002fe0528]
Event: 3.397 Thread 0x0000000015279000 1168       3       java.util.HashMap$HashIterator::hasNext (13 bytes)
Event: 3.397 Thread 0x0000000015279000 nmethod 1168 0x0000000002fcd450 code [0x0000000002fcd5a0, 0x0000000002fcd750]
Event: 3.397 Thread 0x0000000015279000 1169       3       com.android.dx.util.IntList::mutableCopy (39 bytes)
Event: 3.398 Thread 0x0000000015279000 nmethod 1169 0x0000000002fcffd0 code [0x0000000002fd0160, 0x0000000002fd04d8]
Event: 3.399 Thread 0x0000000015279000 1170       3       com.android.dx.cf.code.OneLocalsArray::get (20 bytes)

GC Heap History (0 events):
No events

Deoptimization events (1 events):
Event: 1.880 Thread 0x0000000002a4d800 Uncommon trap: reason=unstable_if action=reinterpret pc=0x0000000002cb2a54 method=java.lang.String.compareTo(Ljava/lang/String;)I @ 38

Internal exceptions (2 events):
Event: 0.508 Thread 0x0000000002a4d800 Exception <a 'java/lang/NoSuchMethodError': Method sun.misc.Unsafe.defineClass(Ljava/lang/String;[BII)Ljava/lang/Class; name or signature does not match> (0x00000000eab0d818) thrown at [C:\re\workspace\8-2-build-windows-amd64-cygwin\jdk8u51\3951\hotspot\sr÷πÀ¨Ë@‡?
Event: 0.508 Thread 0x0000000002a4d800 Exception <a 'java/lang/NoSuchMethodError': Method sun.misc.Unsafe.prefetchRead(Ljava/lang/Object;J)V name or signature does not match> (0x00000000eab0daa8) thrown at [C:\re\workspace\8-2-build-windows-amd64-cygwin\jdk8u51\3951\hotspot\src\share\vm\prims\j

Events (10 events):
Event: 2.804 loading class com/android/dx/cf/code/Ropper$ExceptionHandlerSetup
Event: 2.804 loading class com/android/dx/cf/code/Ropper$ExceptionHandlerSetup done
Event: 2.807 loading class java/util/HashMap$Values
Event: 2.807 loading class java/util/HashMap$Values done
Event: 2.807 loading class java/util/HashMap$ValueIterator
Event: 2.807 loading class java/util/HashMap$ValueIterator done
Event: 3.332 loading class com/android/dx/dex/file/FieldAnnotationStruct
Event: 3.332 loading class com/android/dx/dex/file/FieldAnnotationStruct done
Event: 3.338 loading class com/android/dx/cf/code/SwitchList
Event: 3.338 loading class com/android/dx/cf/code/SwitchList done


Dynamic libraries:
0x00007ff784060000 - 0x00007ff784097000 	C:\Program Files\Java\jdk1.8.0_51\bin\java.exe
0x00007ffd0b070000 - 0x00007ffd0b216000 	C:\WINDOWS\SYSTEM32\ntdll.dll
0x00007ffd08d30000 - 0x00007ffd08e6a000 	C:\WINDOWS\system32\KERNEL32.DLL
0x00007ffd074c0000 - 0x00007ffd075cf000 	C:\WINDOWS\system32\KERNELBASE.dll
0x00007ffd05da0000 - 0x00007ffd05e28000 	C:\WINDOWS\system32\apphelp.dll
0x00007ffce9890000 - 0x00007ffce98df000 	C:\WINDOWS\AppPatch\AppPatch64\AcGenral.DLL
0x00007ffd08e70000 - 0x00007ffd08f17000 	C:\WINDOWS\system32\msvcrt.dll
0x00007ffd06ef0000 - 0x00007ffd06f1b000 	C:\WINDOWS\SYSTEM32\SspiCli.dll
0x00007ffd09920000 - 0x00007ffd09971000 	C:\WINDOWS\system32\SHLWAPI.dll
0x00007ffd09c20000 - 0x00007ffd09d91000 	C:\WINDOWS\system32\USER32.dll
0x00007ffd07630000 - 0x00007ffd077a8000 	C:\WINDOWS\system32\ole32.dll
0x00007ffd077d0000 - 0x00007ffd08bdf000 	C:\WINDOWS\system32\SHELL32.dll
0x00007ffd06700000 - 0x00007ffd0671e000 	C:\WINDOWS\SYSTEM32\USERENV.dll
0x00007ffd09240000 - 0x00007ffd092e5000 	C:\WINDOWS\system32\ADVAPI32.dll
0x00007ffcff210000 - 0x00007ffcff22b000 	C:\WINDOWS\SYSTEM32\MPR.dll
0x00007ffd08bf0000 - 0x00007ffd08d27000 	C:\WINDOWS\system32\RPCRT4.dll
0x00007ffd09b20000 - 0x00007ffd09b77000 	C:\WINDOWS\SYSTEM32\sechost.dll
0x00007ffd08f80000 - 0x00007ffd09156000 	C:\WINDOWS\SYSTEM32\combase.dll
0x00007ffd097d0000 - 0x00007ffd09914000 	C:\WINDOWS\system32\GDI32.dll
0x00007ffd07110000 - 0x00007ffd07124000 	C:\WINDOWS\SYSTEM32\profapi.dll
0x00007ffd05a50000 - 0x00007ffd05aef000 	C:\WINDOWS\SYSTEM32\SHCORE.dll
0x00007ffd092f0000 - 0x00007ffd09324000 	C:\WINDOWS\system32\IMM32.DLL
0x00007ffd09330000 - 0x00007ffd09469000 	C:\WINDOWS\system32\MSCTF.dll
0x00007ffd05620000 - 0x00007ffd0587a000 	C:\WINDOWS\WinSxS\amd64_microsoft.windows.common-controls_6595b64144ccf1df_6.0.9600.17031_none_6242a4b3ecbb55a1\COMCTL32.dll
0x00007ffceb0d0000 - 0x00007ffceb13a000 	C:\Program Files (x86)\AVG\Av\avghooka.dll
0x0000000053230000 - 0x0000000053302000 	C:\Program Files\Java\jdk1.8.0_51\jre\bin\msvcr100.dll
0x0000000053ba0000 - 0x0000000054423000 	C:\Program Files\Java\jdk1.8.0_51\jre\bin\server\jvm.dll
0x00007ffcede40000 - 0x00007ffcede49000 	C:\WINDOWS\SYSTEM32\WSOCK32.dll
0x00007ffcff650000 - 0x00007ffcff66f000 	C:\WINDOWS\SYSTEM32\WINMM.dll
0x00007ffcff0f0000 - 0x00007ffcff0fa000 	C:\WINDOWS\SYSTEM32\VERSION.dll
0x00007ffd08be0000 - 0x00007ffd08be7000 	C:\WINDOWS\system32\PSAPI.DLL
0x00007ffd08f20000 - 0x00007ffd08f78000 	C:\WINDOWS\system32\WS2_32.dll
0x00007ffcff5f0000 - 0x00007ffcff61a000 	C:\WINDOWS\SYSTEM32\WINMMBASE.dll
0x00007ffd077b0000 - 0x00007ffd077b9000 	C:\WINDOWS\system32\NSI.dll
0x00007ffd075d0000 - 0x00007ffd0761a000 	C:\WINDOWS\SYSTEM32\cfgmgr32.dll
0x00007ffd05f90000 - 0x00007ffd05fb6000 	C:\WINDOWS\SYSTEM32\DEVOBJ.dll
0x0000000053b90000 - 0x0000000053b9f000 	C:\Program Files\Java\jdk1.8.0_51\jre\bin\verify.dll
0x0000000053b60000 - 0x0000000053b89000 	C:\Program Files\Java\jdk1.8.0_51\jre\bin\java.dll
0x0000000053b40000 - 0x0000000053b56000 	C:\Program Files\Java\jdk1.8.0_51\jre\bin\zip.dll
0x00007ffce9020000 - 0x00007ffce91a8000 	C:\WINDOWS\SYSTEM32\dbghelp.dll

VM Arguments:
jvm_args: -Djava.awt.headless=true -Xmx1024M -Dfile.encoding=windows-1252 -Duser.country=ES -Duser.language=es -Duser.variant 
java_command: com.android.dx.command.Main --dex --force-jumbo --num-threads=4 --multi-dex --output C:\Users\win8.1\AndroidStudioProjects\Alarma\app\build\intermediates\transforms\dex\debug\folders\1000\10\com.android.support-appcompat-v7-23.4.0_ead3051ed03fa227da3115e9f2c1b439d3928deb C:\Users\win8.1\AndroidStudioProjects\Alarma\app\build\intermediates\exploded-aar\com.android.support\appcompat-v7\23.4.0\jars\classes.jar
java_class_path (initial): C:\Users\win8.1\AppData\Local\Android\sdk\build-tools\23.0.3\lib\dx.jar
Launcher Type: SUN_STANDARD

Environment Variables:
PATH=C:\ProgramData\Oracle\Java\javapath;C:\WINDOWS\system32;C:\WINDOWS;C:\WINDOWS\System32\Wbem;C:\WINDOWS\System32\WindowsPowerShell\v1.0\;C:\Program Files\Microsoft SQL Server\110\Tools\Binn\;C:\Program Files (x86)\Intel\OpenCL SDK\2.0\bin\x86;C:\Program Files (x86)\Intel\OpenCL SDK\2.0\bin\x64;C:\Program Files\Microsoft\Web Platform Installer\;C:\Program Files\Microsoft SQL Server\120\DTS\Binn\;C:\Program Files\Microsoft SQL Server\Client SDK\ODBC\110\Tools\Binn\;C:\Program Files (x86)\Microsoft SQL Server\120\Tools\Binn\;C:\Program Files\Microsoft SQL Server\120\Tools\Binn\;C:\Program Files (x86)\Microsoft SQL Server\120\Tools\Binn\ManagementStudio\;C:\Program Files (x86)\Microsoft SQL Server\120\DTS\Binn\;C:\Program Files (x86)\GtkSharp\2.12\bin;C:\Program Files\Git\cmd;C:\Program Files (x86)\Skype\Phone\;C:\Ruby21-x64\bin
USERNAME=win8.1
OS=Windows_NT
PROCESSOR_IDENTIFIER=Intel64 Family 6 Model 42 Stepping 7, GenuineIntel



---------------  S Y S T E M  ---------------

OS: Windows 8.1 , 64 bit Build 9600 (6.3.9600.17056)

CPU:total 4 (2 cores per cpu, 2 threads per core) family 6 model 42 stepping 7, cmov, cx8, fxsr, mmx, sse, sse2, sse3, ssse3, sse4.1, sse4.2, popcnt, avx, aes, clmul, ht, tsc, tscinvbit

Memory: 4k page, physical 8331116k(1966304k free), swap 8331116k(5120k free)

vm_info: Java HotSpot(TM) 64-Bit Server VM (25.51-b03) for windows-amd64 JRE (1.8.0_51-b16), built on Jun  8 2015 18:03:07 by "java_re" with MS VC++ 10.0 (VS2010)

time: Fri Aug 05 19:15:03 2016
elapsed time: 3 seconds (0d 0h 0m 3s)

